[2023-10-17T16:48:45.545+0000] {taskinstance.py:1157} INFO - Dependencies all met for dep_context=non-requeueable deps ti=<TaskInstance: games_details.gcs_to_raw scheduled__2023-10-16T00:00:00+00:00 [queued]>
[2023-10-17T16:48:45.553+0000] {taskinstance.py:1157} INFO - Dependencies all met for dep_context=requeueable deps ti=<TaskInstance: games_details.gcs_to_raw scheduled__2023-10-16T00:00:00+00:00 [queued]>
[2023-10-17T16:48:45.554+0000] {taskinstance.py:1359} INFO - Starting attempt 5 of 5
[2023-10-17T16:48:45.562+0000] {taskinstance.py:1380} INFO - Executing <Task(LoadFileOperator): gcs_to_raw> on 2023-10-16 00:00:00+00:00
[2023-10-17T16:48:45.568+0000] {standard_task_runner.py:57} INFO - Started process 3700 to run task
[2023-10-17T16:48:45.571+0000] {standard_task_runner.py:84} INFO - Running: ['***', 'tasks', 'run', 'games_details', 'gcs_to_raw', 'scheduled__2023-10-16T00:00:00+00:00', '--job-id', '496', '--raw', '--subdir', 'DAGS_FOLDER/data_pipeline.py', '--cfg-path', '/tmp/tmpphsgoh5r']
[2023-10-17T16:48:45.573+0000] {standard_task_runner.py:85} INFO - Job 496: Subtask gcs_to_raw
[2023-10-17T16:48:45.606+0000] {task_command.py:415} INFO - Running <TaskInstance: games_details.gcs_to_raw scheduled__2023-10-16T00:00:00+00:00 [running]> on host ee1b836360c8
[2023-10-17T16:48:45.662+0000] {taskinstance.py:1660} INFO - Exporting env vars: AIRFLOW_CTX_DAG_OWNER='***' AIRFLOW_CTX_DAG_ID='games_details' AIRFLOW_CTX_TASK_ID='gcs_to_raw' AIRFLOW_CTX_EXECUTION_DATE='2023-10-16T00:00:00+00:00' AIRFLOW_CTX_TRY_NUMBER='5' AIRFLOW_CTX_DAG_RUN_ID='scheduled__2023-10-16T00:00:00+00:00'
[2023-10-17T16:48:45.676+0000] {connection.py:232} WARNING - Connection schemes (type: google_cloud_platform) shall not contain '_' according to RFC3986.
[2023-10-17T16:48:45.679+0000] {base.py:73} INFO - Using connection ID 'gcp' for task execution.
[2023-10-17T16:48:45.697+0000] {load_file.py:134} INFO - Loading gs://steamanalytics/raw/games_details_2023-09-29.csv into BaseTable(name='raw_games', conn_id='gcp', metadata=Metadata(schema='games', database=None), columns=[], temp=False) ...
[2023-10-17T16:48:45.701+0000] {connection.py:232} WARNING - Connection schemes (type: google_cloud_platform) shall not contain '_' according to RFC3986.
[2023-10-17T16:48:45.702+0000] {base.py:73} INFO - Using connection ID 'gcp' for task execution.
[2023-10-17T16:48:45.726+0000] {connection.py:232} WARNING - Connection schemes (type: google_cloud_platform) shall not contain '_' according to RFC3986.
[2023-10-17T16:48:45.727+0000] {base.py:73} INFO - Using connection ID 'gcp' for task execution.
[2023-10-17T16:48:45.732+0000] {connection.py:232} WARNING - Connection schemes (type: google_cloud_platform) shall not contain '_' according to RFC3986.
[2023-10-17T16:48:45.734+0000] {base.py:73} INFO - Using connection ID 'gcp' for task execution.
[2023-10-17T16:48:46.405+0000] {bigquery.py:1094} INFO - Dataset Resource: Dataset(DatasetReference('pristine-flames-400818', 'games'))
[2023-10-17T16:48:46.413+0000] {connection.py:232} WARNING - Connection schemes (type: google_cloud_platform) shall not contain '_' according to RFC3986.
[2023-10-17T16:48:46.414+0000] {base.py:73} INFO - Using connection ID 'gcp' for task execution.
[2023-10-17T16:48:46.422+0000] {connection.py:232} WARNING - Connection schemes (type: google_cloud_platform) shall not contain '_' according to RFC3986.
[2023-10-17T16:48:46.423+0000] {base.py:73} INFO - Using connection ID 'gcp' for task execution.
[2023-10-17T16:48:46.428+0000] {connection.py:232} WARNING - Connection schemes (type: google_cloud_platform) shall not contain '_' according to RFC3986.
[2023-10-17T16:48:46.429+0000] {base.py:73} INFO - Using connection ID 'gcp' for task execution.
[2023-10-17T16:48:47.789+0000] {connection.py:232} WARNING - Connection schemes (type: google_cloud_platform) shall not contain '_' according to RFC3986.
[2023-10-17T16:48:47.790+0000] {base.py:73} INFO - Using connection ID 'gcp' for task execution.
[2023-10-17T16:48:47.796+0000] {connection.py:232} WARNING - Connection schemes (type: google_cloud_platform) shall not contain '_' according to RFC3986.
[2023-10-17T16:48:47.797+0000] {base.py:73} INFO - Using connection ID 'gcp' for task execution.
[2023-10-17T16:48:48.261+0000] {connection.py:232} WARNING - Connection schemes (type: google_cloud_platform) shall not contain '_' according to RFC3986.
[2023-10-17T16:48:48.262+0000] {base.py:73} INFO - Using connection ID 'gcp' for task execution.
[2023-10-17T16:48:48.266+0000] {connection.py:232} WARNING - Connection schemes (type: google_cloud_platform) shall not contain '_' according to RFC3986.
[2023-10-17T16:48:48.267+0000] {base.py:73} INFO - Using connection ID 'gcp' for task execution.
[2023-10-17T16:48:48.285+0000] {connection.py:232} WARNING - Connection schemes (type: google_cloud_platform) shall not contain '_' according to RFC3986.
[2023-10-17T16:48:48.286+0000] {base.py:73} INFO - Using connection ID 'gcp' for task execution.
[2023-10-17T16:48:51.858+0000] {base.py:573} INFO - Loading file(s) with Pandas...
[2023-10-17T16:48:51.863+0000] {connection.py:232} WARNING - Connection schemes (type: google_cloud_platform) shall not contain '_' according to RFC3986.
[2023-10-17T16:48:51.864+0000] {base.py:73} INFO - Using connection ID 'gcp' for task execution.
[2023-10-17T16:48:51.869+0000] {connection.py:232} WARNING - Connection schemes (type: google_cloud_platform) shall not contain '_' according to RFC3986.
[2023-10-17T16:48:51.869+0000] {base.py:73} INFO - Using connection ID 'gcp' for task execution.
[2023-10-17T16:48:53.063+0000] {connection.py:232} WARNING - Connection schemes (type: google_cloud_platform) shall not contain '_' according to RFC3986.
[2023-10-17T16:48:53.064+0000] {base.py:73} INFO - Using connection ID 'gcp' for task execution.
[2023-10-17T16:48:53.070+0000] {connection.py:232} WARNING - Connection schemes (type: google_cloud_platform) shall not contain '_' according to RFC3986.
[2023-10-17T16:48:53.071+0000] {base.py:73} INFO - Using connection ID 'gcp' for task execution.
[2023-10-17T16:48:53.100+0000] {connection.py:232} WARNING - Connection schemes (type: google_cloud_platform) shall not contain '_' according to RFC3986.
[2023-10-17T16:48:53.101+0000] {base.py:73} INFO - Using connection ID 'gcp' for task execution.
[2023-10-17T16:49:02.589+0000] {gbq.py:616} INFO - 2718 out of 2718 rows loaded.
[2023-10-17T16:49:02.589+0000] {load_file.py:168} INFO - Completed loading the data into BaseTable(name='raw_games', conn_id='gcp', metadata=Metadata(schema='games', database=None), columns=[], temp=False).
[2023-10-17T16:49:02.613+0000] {warnings.py:109} WARNING - /home/***/.local/lib/python3.8/site-packages/***/models/baseoperator.py:1473: RemovedInAirflow3Warning: Passing 'execution_date' to 'TaskInstance.xcom_push()' is deprecated.
  context["ti"].xcom_push(key=key, value=value, execution_date=execution_date)

[2023-10-17T16:49:02.648+0000] {taskinstance.py:1398} INFO - Marking task as SUCCESS. dag_id=games_details, task_id=gcs_to_raw, execution_date=20231016T000000, start_date=20231017T164845, end_date=20231017T164902
[2023-10-17T16:49:02.690+0000] {local_task_job_runner.py:228} INFO - Task exited with return code 0
[2023-10-17T16:49:02.716+0000] {taskinstance.py:2776} INFO - 1 downstream tasks scheduled from follow-on schedule check
