[2023-10-17T16:55:08.078+0000] {taskinstance.py:1157} INFO - Dependencies all met for dep_context=non-requeueable deps ti=<TaskInstance: games_details.gcs_to_raw scheduled__2023-10-16T00:00:00+00:00 [queued]>
[2023-10-17T16:55:08.087+0000] {taskinstance.py:1157} INFO - Dependencies all met for dep_context=requeueable deps ti=<TaskInstance: games_details.gcs_to_raw scheduled__2023-10-16T00:00:00+00:00 [queued]>
[2023-10-17T16:55:08.087+0000] {taskinstance.py:1359} INFO - Starting attempt 6 of 6
[2023-10-17T16:55:08.102+0000] {taskinstance.py:1380} INFO - Executing <Task(LoadFileOperator): gcs_to_raw> on 2023-10-16 00:00:00+00:00
[2023-10-17T16:55:08.108+0000] {standard_task_runner.py:57} INFO - Started process 4570 to run task
[2023-10-17T16:55:08.112+0000] {standard_task_runner.py:84} INFO - Running: ['***', 'tasks', 'run', 'games_details', 'gcs_to_raw', 'scheduled__2023-10-16T00:00:00+00:00', '--job-id', '508', '--raw', '--subdir', 'DAGS_FOLDER/data_pipeline.py', '--cfg-path', '/tmp/tmpjr21o_kv']
[2023-10-17T16:55:08.114+0000] {standard_task_runner.py:85} INFO - Job 508: Subtask gcs_to_raw
[2023-10-17T16:55:08.165+0000] {task_command.py:415} INFO - Running <TaskInstance: games_details.gcs_to_raw scheduled__2023-10-16T00:00:00+00:00 [running]> on host ee1b836360c8
[2023-10-17T16:55:08.251+0000] {taskinstance.py:1660} INFO - Exporting env vars: AIRFLOW_CTX_DAG_OWNER='***' AIRFLOW_CTX_DAG_ID='games_details' AIRFLOW_CTX_TASK_ID='gcs_to_raw' AIRFLOW_CTX_EXECUTION_DATE='2023-10-16T00:00:00+00:00' AIRFLOW_CTX_TRY_NUMBER='6' AIRFLOW_CTX_DAG_RUN_ID='scheduled__2023-10-16T00:00:00+00:00'
[2023-10-17T16:55:08.271+0000] {connection.py:232} WARNING - Connection schemes (type: google_cloud_platform) shall not contain '_' according to RFC3986.
[2023-10-17T16:55:08.274+0000] {base.py:73} INFO - Using connection ID 'gcp' for task execution.
[2023-10-17T16:55:08.293+0000] {load_file.py:134} INFO - Loading gs://steamanalytics/raw/games_details_2023-09-29.csv into BaseTable(name='raw_games', conn_id='gcp', metadata=Metadata(schema='games', database=None), columns=[], temp=False) ...
[2023-10-17T16:55:08.299+0000] {connection.py:232} WARNING - Connection schemes (type: google_cloud_platform) shall not contain '_' according to RFC3986.
[2023-10-17T16:55:08.300+0000] {base.py:73} INFO - Using connection ID 'gcp' for task execution.
[2023-10-17T16:55:08.326+0000] {connection.py:232} WARNING - Connection schemes (type: google_cloud_platform) shall not contain '_' according to RFC3986.
[2023-10-17T16:55:08.327+0000] {base.py:73} INFO - Using connection ID 'gcp' for task execution.
[2023-10-17T16:55:08.332+0000] {connection.py:232} WARNING - Connection schemes (type: google_cloud_platform) shall not contain '_' according to RFC3986.
[2023-10-17T16:55:08.332+0000] {base.py:73} INFO - Using connection ID 'gcp' for task execution.
[2023-10-17T16:55:09.004+0000] {bigquery.py:1094} INFO - Dataset Resource: Dataset(DatasetReference('pristine-flames-400818', 'games'))
[2023-10-17T16:55:09.009+0000] {connection.py:232} WARNING - Connection schemes (type: google_cloud_platform) shall not contain '_' according to RFC3986.
[2023-10-17T16:55:09.010+0000] {base.py:73} INFO - Using connection ID 'gcp' for task execution.
[2023-10-17T16:55:09.014+0000] {connection.py:232} WARNING - Connection schemes (type: google_cloud_platform) shall not contain '_' according to RFC3986.
[2023-10-17T16:55:09.015+0000] {base.py:73} INFO - Using connection ID 'gcp' for task execution.
[2023-10-17T16:55:09.020+0000] {connection.py:232} WARNING - Connection schemes (type: google_cloud_platform) shall not contain '_' according to RFC3986.
[2023-10-17T16:55:09.021+0000] {base.py:73} INFO - Using connection ID 'gcp' for task execution.
[2023-10-17T16:55:10.410+0000] {connection.py:232} WARNING - Connection schemes (type: google_cloud_platform) shall not contain '_' according to RFC3986.
[2023-10-17T16:55:10.411+0000] {base.py:73} INFO - Using connection ID 'gcp' for task execution.
[2023-10-17T16:55:10.416+0000] {connection.py:232} WARNING - Connection schemes (type: google_cloud_platform) shall not contain '_' according to RFC3986.
[2023-10-17T16:55:10.417+0000] {base.py:73} INFO - Using connection ID 'gcp' for task execution.
[2023-10-17T16:55:10.863+0000] {connection.py:232} WARNING - Connection schemes (type: google_cloud_platform) shall not contain '_' according to RFC3986.
[2023-10-17T16:55:10.864+0000] {base.py:73} INFO - Using connection ID 'gcp' for task execution.
[2023-10-17T16:55:10.878+0000] {connection.py:232} WARNING - Connection schemes (type: google_cloud_platform) shall not contain '_' according to RFC3986.
[2023-10-17T16:55:10.879+0000] {base.py:73} INFO - Using connection ID 'gcp' for task execution.
[2023-10-17T16:55:10.886+0000] {connection.py:232} WARNING - Connection schemes (type: google_cloud_platform) shall not contain '_' according to RFC3986.
[2023-10-17T16:55:10.887+0000] {base.py:73} INFO - Using connection ID 'gcp' for task execution.
[2023-10-17T16:55:14.271+0000] {base.py:573} INFO - Loading file(s) with Pandas...
[2023-10-17T16:55:14.275+0000] {connection.py:232} WARNING - Connection schemes (type: google_cloud_platform) shall not contain '_' according to RFC3986.
[2023-10-17T16:55:14.276+0000] {base.py:73} INFO - Using connection ID 'gcp' for task execution.
[2023-10-17T16:55:14.281+0000] {connection.py:232} WARNING - Connection schemes (type: google_cloud_platform) shall not contain '_' according to RFC3986.
[2023-10-17T16:55:14.281+0000] {base.py:73} INFO - Using connection ID 'gcp' for task execution.
[2023-10-17T16:55:15.421+0000] {connection.py:232} WARNING - Connection schemes (type: google_cloud_platform) shall not contain '_' according to RFC3986.
[2023-10-17T16:55:15.422+0000] {base.py:73} INFO - Using connection ID 'gcp' for task execution.
[2023-10-17T16:55:15.430+0000] {connection.py:232} WARNING - Connection schemes (type: google_cloud_platform) shall not contain '_' according to RFC3986.
[2023-10-17T16:55:15.431+0000] {base.py:73} INFO - Using connection ID 'gcp' for task execution.
[2023-10-17T16:55:15.435+0000] {connection.py:232} WARNING - Connection schemes (type: google_cloud_platform) shall not contain '_' according to RFC3986.
[2023-10-17T16:55:15.436+0000] {base.py:73} INFO - Using connection ID 'gcp' for task execution.
[2023-10-17T16:55:24.562+0000] {gbq.py:616} INFO - 2718 out of 2718 rows loaded.
[2023-10-17T16:55:24.562+0000] {load_file.py:168} INFO - Completed loading the data into BaseTable(name='raw_games', conn_id='gcp', metadata=Metadata(schema='games', database=None), columns=[], temp=False).
[2023-10-17T16:55:24.591+0000] {warnings.py:109} WARNING - /home/***/.local/lib/python3.8/site-packages/***/models/baseoperator.py:1473: RemovedInAirflow3Warning: Passing 'execution_date' to 'TaskInstance.xcom_push()' is deprecated.
  context["ti"].xcom_push(key=key, value=value, execution_date=execution_date)

[2023-10-17T16:55:24.611+0000] {taskinstance.py:1398} INFO - Marking task as SUCCESS. dag_id=games_details, task_id=gcs_to_raw, execution_date=20231016T000000, start_date=20231017T165508, end_date=20231017T165524
[2023-10-17T16:55:24.656+0000] {local_task_job_runner.py:228} INFO - Task exited with return code 0
[2023-10-17T16:55:24.680+0000] {taskinstance.py:2776} INFO - 1 downstream tasks scheduled from follow-on schedule check
