[2023-10-17T16:22:11.867+0000] {taskinstance.py:1157} INFO - Dependencies all met for dep_context=non-requeueable deps ti=<TaskInstance: games_details.gcs_to_raw scheduled__2023-10-16T00:00:00+00:00 [queued]>
[2023-10-17T16:22:11.873+0000] {taskinstance.py:1157} INFO - Dependencies all met for dep_context=requeueable deps ti=<TaskInstance: games_details.gcs_to_raw scheduled__2023-10-16T00:00:00+00:00 [queued]>
[2023-10-17T16:22:11.873+0000] {taskinstance.py:1359} INFO - Starting attempt 1 of 1
[2023-10-17T16:22:11.882+0000] {taskinstance.py:1380} INFO - Executing <Task(LoadFileOperator): gcs_to_raw> on 2023-10-16 00:00:00+00:00
[2023-10-17T16:22:11.887+0000] {standard_task_runner.py:57} INFO - Started process 696 to run task
[2023-10-17T16:22:11.890+0000] {standard_task_runner.py:84} INFO - Running: ['***', 'tasks', 'run', 'games_details', 'gcs_to_raw', 'scheduled__2023-10-16T00:00:00+00:00', '--job-id', '473', '--raw', '--subdir', 'DAGS_FOLDER/data_pipeline.py', '--cfg-path', '/tmp/tmp8nhy8ca3']
[2023-10-17T16:22:11.892+0000] {standard_task_runner.py:85} INFO - Job 473: Subtask gcs_to_raw
[2023-10-17T16:22:11.925+0000] {task_command.py:415} INFO - Running <TaskInstance: games_details.gcs_to_raw scheduled__2023-10-16T00:00:00+00:00 [running]> on host ee1b836360c8
[2023-10-17T16:22:11.982+0000] {taskinstance.py:1660} INFO - Exporting env vars: AIRFLOW_CTX_DAG_OWNER='***' AIRFLOW_CTX_DAG_ID='games_details' AIRFLOW_CTX_TASK_ID='gcs_to_raw' AIRFLOW_CTX_EXECUTION_DATE='2023-10-16T00:00:00+00:00' AIRFLOW_CTX_TRY_NUMBER='1' AIRFLOW_CTX_DAG_RUN_ID='scheduled__2023-10-16T00:00:00+00:00'
[2023-10-17T16:22:11.995+0000] {connection.py:232} WARNING - Connection schemes (type: google_cloud_platform) shall not contain '_' according to RFC3986.
[2023-10-17T16:22:11.998+0000] {base.py:73} INFO - Using connection ID 'gcp' for task execution.
[2023-10-17T16:22:12.015+0000] {load_file.py:134} INFO - Loading gs://steamanalytics/raw/games_details_2023-09-29.csv into BaseTable(name='raw_games', conn_id='gcp', metadata=Metadata(schema='games', database=None), columns=[], temp=False) ...
[2023-10-17T16:22:12.020+0000] {connection.py:232} WARNING - Connection schemes (type: google_cloud_platform) shall not contain '_' according to RFC3986.
[2023-10-17T16:22:12.020+0000] {base.py:73} INFO - Using connection ID 'gcp' for task execution.
[2023-10-17T16:22:12.078+0000] {connection.py:232} WARNING - Connection schemes (type: google_cloud_platform) shall not contain '_' according to RFC3986.
[2023-10-17T16:22:12.079+0000] {base.py:73} INFO - Using connection ID 'gcp' for task execution.
[2023-10-17T16:22:12.084+0000] {connection.py:232} WARNING - Connection schemes (type: google_cloud_platform) shall not contain '_' according to RFC3986.
[2023-10-17T16:22:12.085+0000] {base.py:73} INFO - Using connection ID 'gcp' for task execution.
[2023-10-17T16:22:12.811+0000] {bigquery.py:1094} INFO - Dataset Resource: Dataset(DatasetReference('pristine-flames-400818', 'games'))
[2023-10-17T16:22:12.816+0000] {connection.py:232} WARNING - Connection schemes (type: google_cloud_platform) shall not contain '_' according to RFC3986.
[2023-10-17T16:22:12.817+0000] {base.py:73} INFO - Using connection ID 'gcp' for task execution.
[2023-10-17T16:22:12.821+0000] {connection.py:232} WARNING - Connection schemes (type: google_cloud_platform) shall not contain '_' according to RFC3986.
[2023-10-17T16:22:12.822+0000] {base.py:73} INFO - Using connection ID 'gcp' for task execution.
[2023-10-17T16:22:12.826+0000] {connection.py:232} WARNING - Connection schemes (type: google_cloud_platform) shall not contain '_' according to RFC3986.
[2023-10-17T16:22:12.827+0000] {base.py:73} INFO - Using connection ID 'gcp' for task execution.
[2023-10-17T16:22:14.304+0000] {connection.py:232} WARNING - Connection schemes (type: google_cloud_platform) shall not contain '_' according to RFC3986.
[2023-10-17T16:22:14.308+0000] {base.py:73} INFO - Using connection ID 'gcp' for task execution.
[2023-10-17T16:22:14.326+0000] {connection.py:232} WARNING - Connection schemes (type: google_cloud_platform) shall not contain '_' according to RFC3986.
[2023-10-17T16:22:14.330+0000] {base.py:73} INFO - Using connection ID 'gcp' for task execution.
[2023-10-17T16:22:14.879+0000] {connection.py:232} WARNING - Connection schemes (type: google_cloud_platform) shall not contain '_' according to RFC3986.
[2023-10-17T16:22:14.883+0000] {base.py:73} INFO - Using connection ID 'gcp' for task execution.
[2023-10-17T16:22:14.888+0000] {connection.py:232} WARNING - Connection schemes (type: google_cloud_platform) shall not contain '_' according to RFC3986.
[2023-10-17T16:22:14.889+0000] {base.py:73} INFO - Using connection ID 'gcp' for task execution.
[2023-10-17T16:22:14.893+0000] {connection.py:232} WARNING - Connection schemes (type: google_cloud_platform) shall not contain '_' according to RFC3986.
[2023-10-17T16:22:14.894+0000] {base.py:73} INFO - Using connection ID 'gcp' for task execution.
[2023-10-17T16:22:18.756+0000] {base.py:573} INFO - Loading file(s) with Pandas...
[2023-10-17T16:22:18.774+0000] {connection.py:232} WARNING - Connection schemes (type: google_cloud_platform) shall not contain '_' according to RFC3986.
[2023-10-17T16:22:18.778+0000] {base.py:73} INFO - Using connection ID 'gcp' for task execution.
[2023-10-17T16:22:18.796+0000] {connection.py:232} WARNING - Connection schemes (type: google_cloud_platform) shall not contain '_' according to RFC3986.
[2023-10-17T16:22:18.800+0000] {base.py:73} INFO - Using connection ID 'gcp' for task execution.
[2023-10-17T16:22:19.289+0000] {connection.py:232} WARNING - Connection schemes (type: google_cloud_platform) shall not contain '_' according to RFC3986.
[2023-10-17T16:22:19.293+0000] {base.py:73} INFO - Using connection ID 'gcp' for task execution.
[2023-10-17T16:22:19.311+0000] {connection.py:232} WARNING - Connection schemes (type: google_cloud_platform) shall not contain '_' according to RFC3986.
[2023-10-17T16:22:19.315+0000] {base.py:73} INFO - Using connection ID 'gcp' for task execution.
[2023-10-17T16:22:19.333+0000] {connection.py:232} WARNING - Connection schemes (type: google_cloud_platform) shall not contain '_' according to RFC3986.
[2023-10-17T16:22:19.336+0000] {base.py:73} INFO - Using connection ID 'gcp' for task execution.
[2023-10-17T16:22:27.649+0000] {gbq.py:616} INFO - 2718 out of 2718 rows loaded.
[2023-10-17T16:22:27.649+0000] {load_file.py:168} INFO - Completed loading the data into BaseTable(name='raw_games', conn_id='gcp', metadata=Metadata(schema='games', database=None), columns=[], temp=False).
[2023-10-17T16:22:27.683+0000] {warnings.py:109} WARNING - /home/***/.local/lib/python3.8/site-packages/***/models/baseoperator.py:1473: RemovedInAirflow3Warning: Passing 'execution_date' to 'TaskInstance.xcom_push()' is deprecated.
  context["ti"].xcom_push(key=key, value=value, execution_date=execution_date)

[2023-10-17T16:22:27.742+0000] {taskinstance.py:1398} INFO - Marking task as SUCCESS. dag_id=games_details, task_id=gcs_to_raw, execution_date=20231016T000000, start_date=20231017T162211, end_date=20231017T162227
[2023-10-17T16:22:27.822+0000] {local_task_job_runner.py:228} INFO - Task exited with return code 0
[2023-10-17T16:22:27.892+0000] {taskinstance.py:2776} INFO - 1 downstream tasks scheduled from follow-on schedule check
