[2023-10-17T16:43:38.758+0000] {taskinstance.py:1157} INFO - Dependencies all met for dep_context=non-requeueable deps ti=<TaskInstance: games_details.gcs_to_raw scheduled__2023-10-16T00:00:00+00:00 [queued]>
[2023-10-17T16:43:38.767+0000] {taskinstance.py:1157} INFO - Dependencies all met for dep_context=requeueable deps ti=<TaskInstance: games_details.gcs_to_raw scheduled__2023-10-16T00:00:00+00:00 [queued]>
[2023-10-17T16:43:38.767+0000] {taskinstance.py:1359} INFO - Starting attempt 4 of 4
[2023-10-17T16:43:38.777+0000] {taskinstance.py:1380} INFO - Executing <Task(LoadFileOperator): gcs_to_raw> on 2023-10-16 00:00:00+00:00
[2023-10-17T16:43:38.783+0000] {standard_task_runner.py:57} INFO - Started process 3000 to run task
[2023-10-17T16:43:38.786+0000] {standard_task_runner.py:84} INFO - Running: ['***', 'tasks', 'run', 'games_details', 'gcs_to_raw', 'scheduled__2023-10-16T00:00:00+00:00', '--job-id', '491', '--raw', '--subdir', 'DAGS_FOLDER/data_pipeline.py', '--cfg-path', '/tmp/tmpwga0iv2z']
[2023-10-17T16:43:38.788+0000] {standard_task_runner.py:85} INFO - Job 491: Subtask gcs_to_raw
[2023-10-17T16:43:38.822+0000] {task_command.py:415} INFO - Running <TaskInstance: games_details.gcs_to_raw scheduled__2023-10-16T00:00:00+00:00 [running]> on host ee1b836360c8
[2023-10-17T16:43:38.879+0000] {taskinstance.py:1660} INFO - Exporting env vars: AIRFLOW_CTX_DAG_OWNER='***' AIRFLOW_CTX_DAG_ID='games_details' AIRFLOW_CTX_TASK_ID='gcs_to_raw' AIRFLOW_CTX_EXECUTION_DATE='2023-10-16T00:00:00+00:00' AIRFLOW_CTX_TRY_NUMBER='4' AIRFLOW_CTX_DAG_RUN_ID='scheduled__2023-10-16T00:00:00+00:00'
[2023-10-17T16:43:38.893+0000] {connection.py:232} WARNING - Connection schemes (type: google_cloud_platform) shall not contain '_' according to RFC3986.
[2023-10-17T16:43:38.897+0000] {base.py:73} INFO - Using connection ID 'gcp' for task execution.
[2023-10-17T16:43:38.914+0000] {load_file.py:134} INFO - Loading gs://steamanalytics/raw/games_details_2023-09-29.csv into BaseTable(name='raw_games', conn_id='gcp', metadata=Metadata(schema='games', database=None), columns=[], temp=False) ...
[2023-10-17T16:43:38.918+0000] {connection.py:232} WARNING - Connection schemes (type: google_cloud_platform) shall not contain '_' according to RFC3986.
[2023-10-17T16:43:38.919+0000] {base.py:73} INFO - Using connection ID 'gcp' for task execution.
[2023-10-17T16:43:38.946+0000] {connection.py:232} WARNING - Connection schemes (type: google_cloud_platform) shall not contain '_' according to RFC3986.
[2023-10-17T16:43:38.946+0000] {base.py:73} INFO - Using connection ID 'gcp' for task execution.
[2023-10-17T16:43:38.953+0000] {connection.py:232} WARNING - Connection schemes (type: google_cloud_platform) shall not contain '_' according to RFC3986.
[2023-10-17T16:43:38.954+0000] {base.py:73} INFO - Using connection ID 'gcp' for task execution.
[2023-10-17T16:43:39.605+0000] {bigquery.py:1094} INFO - Dataset Resource: Dataset(DatasetReference('pristine-flames-400818', 'games'))
[2023-10-17T16:43:39.610+0000] {connection.py:232} WARNING - Connection schemes (type: google_cloud_platform) shall not contain '_' according to RFC3986.
[2023-10-17T16:43:39.611+0000] {base.py:73} INFO - Using connection ID 'gcp' for task execution.
[2023-10-17T16:43:39.616+0000] {connection.py:232} WARNING - Connection schemes (type: google_cloud_platform) shall not contain '_' according to RFC3986.
[2023-10-17T16:43:39.617+0000] {base.py:73} INFO - Using connection ID 'gcp' for task execution.
[2023-10-17T16:43:39.621+0000] {connection.py:232} WARNING - Connection schemes (type: google_cloud_platform) shall not contain '_' according to RFC3986.
[2023-10-17T16:43:39.622+0000] {base.py:73} INFO - Using connection ID 'gcp' for task execution.
[2023-10-17T16:43:40.941+0000] {connection.py:232} WARNING - Connection schemes (type: google_cloud_platform) shall not contain '_' according to RFC3986.
[2023-10-17T16:43:40.942+0000] {base.py:73} INFO - Using connection ID 'gcp' for task execution.
[2023-10-17T16:43:40.947+0000] {connection.py:232} WARNING - Connection schemes (type: google_cloud_platform) shall not contain '_' according to RFC3986.
[2023-10-17T16:43:40.948+0000] {base.py:73} INFO - Using connection ID 'gcp' for task execution.
[2023-10-17T16:43:42.096+0000] {connection.py:232} WARNING - Connection schemes (type: google_cloud_platform) shall not contain '_' according to RFC3986.
[2023-10-17T16:43:42.097+0000] {base.py:73} INFO - Using connection ID 'gcp' for task execution.
[2023-10-17T16:43:42.104+0000] {connection.py:232} WARNING - Connection schemes (type: google_cloud_platform) shall not contain '_' according to RFC3986.
[2023-10-17T16:43:42.105+0000] {base.py:73} INFO - Using connection ID 'gcp' for task execution.
[2023-10-17T16:43:42.110+0000] {connection.py:232} WARNING - Connection schemes (type: google_cloud_platform) shall not contain '_' according to RFC3986.
[2023-10-17T16:43:42.112+0000] {base.py:73} INFO - Using connection ID 'gcp' for task execution.
[2023-10-17T16:43:45.738+0000] {base.py:573} INFO - Loading file(s) with Pandas...
[2023-10-17T16:43:45.743+0000] {connection.py:232} WARNING - Connection schemes (type: google_cloud_platform) shall not contain '_' according to RFC3986.
[2023-10-17T16:43:45.744+0000] {base.py:73} INFO - Using connection ID 'gcp' for task execution.
[2023-10-17T16:43:45.749+0000] {connection.py:232} WARNING - Connection schemes (type: google_cloud_platform) shall not contain '_' according to RFC3986.
[2023-10-17T16:43:45.750+0000] {base.py:73} INFO - Using connection ID 'gcp' for task execution.
[2023-10-17T16:43:46.917+0000] {connection.py:232} WARNING - Connection schemes (type: google_cloud_platform) shall not contain '_' according to RFC3986.
[2023-10-17T16:43:46.918+0000] {base.py:73} INFO - Using connection ID 'gcp' for task execution.
[2023-10-17T16:43:46.923+0000] {connection.py:232} WARNING - Connection schemes (type: google_cloud_platform) shall not contain '_' according to RFC3986.
[2023-10-17T16:43:46.924+0000] {base.py:73} INFO - Using connection ID 'gcp' for task execution.
[2023-10-17T16:43:46.928+0000] {connection.py:232} WARNING - Connection schemes (type: google_cloud_platform) shall not contain '_' according to RFC3986.
[2023-10-17T16:43:46.929+0000] {base.py:73} INFO - Using connection ID 'gcp' for task execution.
[2023-10-17T16:43:56.040+0000] {gbq.py:616} INFO - 2718 out of 2718 rows loaded.
[2023-10-17T16:43:56.041+0000] {load_file.py:168} INFO - Completed loading the data into BaseTable(name='raw_games', conn_id='gcp', metadata=Metadata(schema='games', database=None), columns=[], temp=False).
[2023-10-17T16:43:56.050+0000] {warnings.py:109} WARNING - /home/***/.local/lib/python3.8/site-packages/***/models/baseoperator.py:1473: RemovedInAirflow3Warning: Passing 'execution_date' to 'TaskInstance.xcom_push()' is deprecated.
  context["ti"].xcom_push(key=key, value=value, execution_date=execution_date)

[2023-10-17T16:43:56.065+0000] {taskinstance.py:1398} INFO - Marking task as SUCCESS. dag_id=games_details, task_id=gcs_to_raw, execution_date=20231016T000000, start_date=20231017T164338, end_date=20231017T164356
[2023-10-17T16:43:56.086+0000] {local_task_job_runner.py:228} INFO - Task exited with return code 0
[2023-10-17T16:43:56.112+0000] {taskinstance.py:2776} INFO - 1 downstream tasks scheduled from follow-on schedule check
