[2023-10-17T17:03:36.150+0000] {taskinstance.py:1157} INFO - Dependencies all met for dep_context=non-requeueable deps ti=<TaskInstance: games_details.gcs_to_raw scheduled__2023-10-16T00:00:00+00:00 [queued]>
[2023-10-17T17:03:36.161+0000] {taskinstance.py:1157} INFO - Dependencies all met for dep_context=requeueable deps ti=<TaskInstance: games_details.gcs_to_raw scheduled__2023-10-16T00:00:00+00:00 [queued]>
[2023-10-17T17:03:36.161+0000] {taskinstance.py:1359} INFO - Starting attempt 7 of 7
[2023-10-17T17:03:36.173+0000] {taskinstance.py:1380} INFO - Executing <Task(LoadFileOperator): gcs_to_raw> on 2023-10-16 00:00:00+00:00
[2023-10-17T17:03:36.179+0000] {standard_task_runner.py:57} INFO - Started process 5316 to run task
[2023-10-17T17:03:36.182+0000] {standard_task_runner.py:84} INFO - Running: ['***', 'tasks', 'run', 'games_details', 'gcs_to_raw', 'scheduled__2023-10-16T00:00:00+00:00', '--job-id', '514', '--raw', '--subdir', 'DAGS_FOLDER/data_pipeline.py', '--cfg-path', '/tmp/tmpl5x12k6h']
[2023-10-17T17:03:36.184+0000] {standard_task_runner.py:85} INFO - Job 514: Subtask gcs_to_raw
[2023-10-17T17:03:36.219+0000] {task_command.py:415} INFO - Running <TaskInstance: games_details.gcs_to_raw scheduled__2023-10-16T00:00:00+00:00 [running]> on host ee1b836360c8
[2023-10-17T17:03:36.289+0000] {taskinstance.py:1660} INFO - Exporting env vars: AIRFLOW_CTX_DAG_OWNER='***' AIRFLOW_CTX_DAG_ID='games_details' AIRFLOW_CTX_TASK_ID='gcs_to_raw' AIRFLOW_CTX_EXECUTION_DATE='2023-10-16T00:00:00+00:00' AIRFLOW_CTX_TRY_NUMBER='7' AIRFLOW_CTX_DAG_RUN_ID='scheduled__2023-10-16T00:00:00+00:00'
[2023-10-17T17:03:36.304+0000] {connection.py:232} WARNING - Connection schemes (type: google_cloud_platform) shall not contain '_' according to RFC3986.
[2023-10-17T17:03:36.307+0000] {base.py:73} INFO - Using connection ID 'gcp' for task execution.
[2023-10-17T17:03:36.328+0000] {load_file.py:134} INFO - Loading gs://steamanalytics/raw/games_details_2023-10-17.csv into BaseTable(name='raw_games', conn_id='gcp', metadata=Metadata(schema='games', database=None), columns=[], temp=False) ...
[2023-10-17T17:03:36.332+0000] {connection.py:232} WARNING - Connection schemes (type: google_cloud_platform) shall not contain '_' according to RFC3986.
[2023-10-17T17:03:36.333+0000] {base.py:73} INFO - Using connection ID 'gcp' for task execution.
[2023-10-17T17:03:36.390+0000] {connection.py:232} WARNING - Connection schemes (type: google_cloud_platform) shall not contain '_' according to RFC3986.
[2023-10-17T17:03:36.391+0000] {base.py:73} INFO - Using connection ID 'gcp' for task execution.
[2023-10-17T17:03:36.396+0000] {connection.py:232} WARNING - Connection schemes (type: google_cloud_platform) shall not contain '_' according to RFC3986.
[2023-10-17T17:03:36.397+0000] {base.py:73} INFO - Using connection ID 'gcp' for task execution.
[2023-10-17T17:03:37.007+0000] {bigquery.py:1094} INFO - Dataset Resource: Dataset(DatasetReference('pristine-flames-400818', 'games'))
[2023-10-17T17:03:37.011+0000] {connection.py:232} WARNING - Connection schemes (type: google_cloud_platform) shall not contain '_' according to RFC3986.
[2023-10-17T17:03:37.012+0000] {base.py:73} INFO - Using connection ID 'gcp' for task execution.
[2023-10-17T17:03:37.017+0000] {connection.py:232} WARNING - Connection schemes (type: google_cloud_platform) shall not contain '_' according to RFC3986.
[2023-10-17T17:03:37.017+0000] {base.py:73} INFO - Using connection ID 'gcp' for task execution.
[2023-10-17T17:03:37.022+0000] {connection.py:232} WARNING - Connection schemes (type: google_cloud_platform) shall not contain '_' according to RFC3986.
[2023-10-17T17:03:37.022+0000] {base.py:73} INFO - Using connection ID 'gcp' for task execution.
[2023-10-17T17:03:38.956+0000] {connection.py:232} WARNING - Connection schemes (type: google_cloud_platform) shall not contain '_' according to RFC3986.
[2023-10-17T17:03:38.958+0000] {base.py:73} INFO - Using connection ID 'gcp' for task execution.
[2023-10-17T17:03:38.964+0000] {connection.py:232} WARNING - Connection schemes (type: google_cloud_platform) shall not contain '_' according to RFC3986.
[2023-10-17T17:03:38.966+0000] {base.py:73} INFO - Using connection ID 'gcp' for task execution.
[2023-10-17T17:03:40.143+0000] {connection.py:232} WARNING - Connection schemes (type: google_cloud_platform) shall not contain '_' according to RFC3986.
[2023-10-17T17:03:40.147+0000] {base.py:73} INFO - Using connection ID 'gcp' for task execution.
[2023-10-17T17:03:40.169+0000] {connection.py:232} WARNING - Connection schemes (type: google_cloud_platform) shall not contain '_' according to RFC3986.
[2023-10-17T17:03:40.172+0000] {base.py:73} INFO - Using connection ID 'gcp' for task execution.
[2023-10-17T17:03:40.189+0000] {connection.py:232} WARNING - Connection schemes (type: google_cloud_platform) shall not contain '_' according to RFC3986.
[2023-10-17T17:03:40.191+0000] {base.py:73} INFO - Using connection ID 'gcp' for task execution.
[2023-10-17T17:03:44.549+0000] {base.py:573} INFO - Loading file(s) with Pandas...
[2023-10-17T17:03:44.554+0000] {connection.py:232} WARNING - Connection schemes (type: google_cloud_platform) shall not contain '_' according to RFC3986.
[2023-10-17T17:03:44.555+0000] {base.py:73} INFO - Using connection ID 'gcp' for task execution.
[2023-10-17T17:03:44.562+0000] {connection.py:232} WARNING - Connection schemes (type: google_cloud_platform) shall not contain '_' according to RFC3986.
[2023-10-17T17:03:44.562+0000] {base.py:73} INFO - Using connection ID 'gcp' for task execution.
[2023-10-17T17:03:44.980+0000] {connection.py:232} WARNING - Connection schemes (type: google_cloud_platform) shall not contain '_' according to RFC3986.
[2023-10-17T17:03:44.981+0000] {base.py:73} INFO - Using connection ID 'gcp' for task execution.
[2023-10-17T17:03:44.987+0000] {connection.py:232} WARNING - Connection schemes (type: google_cloud_platform) shall not contain '_' according to RFC3986.
[2023-10-17T17:03:44.988+0000] {base.py:73} INFO - Using connection ID 'gcp' for task execution.
[2023-10-17T17:03:44.992+0000] {connection.py:232} WARNING - Connection schemes (type: google_cloud_platform) shall not contain '_' according to RFC3986.
[2023-10-17T17:03:44.993+0000] {base.py:73} INFO - Using connection ID 'gcp' for task execution.
[2023-10-17T17:03:54.971+0000] {gbq.py:616} INFO - 2798 out of 2798 rows loaded.
[2023-10-17T17:03:54.972+0000] {load_file.py:168} INFO - Completed loading the data into BaseTable(name='raw_games', conn_id='gcp', metadata=Metadata(schema='games', database=None), columns=[], temp=False).
[2023-10-17T17:03:55.236+0000] {warnings.py:109} WARNING - /home/***/.local/lib/python3.8/site-packages/***/models/baseoperator.py:1473: RemovedInAirflow3Warning: Passing 'execution_date' to 'TaskInstance.xcom_push()' is deprecated.
  context["ti"].xcom_push(key=key, value=value, execution_date=execution_date)

[2023-10-17T17:03:55.374+0000] {taskinstance.py:1398} INFO - Marking task as SUCCESS. dag_id=games_details, task_id=gcs_to_raw, execution_date=20231016T000000, start_date=20231017T170336, end_date=20231017T170355
[2023-10-17T17:03:55.909+0000] {local_task_job_runner.py:228} INFO - Task exited with return code 0
[2023-10-17T17:03:55.933+0000] {taskinstance.py:2776} INFO - 1 downstream tasks scheduled from follow-on schedule check
