[2023-10-17T20:35:15.973+0000] {taskinstance.py:1157} INFO - Dependencies all met for dep_context=non-requeueable deps ti=<TaskInstance: games_details.gcs_to_raw scheduled__2023-10-16T00:00:00+00:00 [queued]>
[2023-10-17T20:35:15.980+0000] {taskinstance.py:1157} INFO - Dependencies all met for dep_context=requeueable deps ti=<TaskInstance: games_details.gcs_to_raw scheduled__2023-10-16T00:00:00+00:00 [queued]>
[2023-10-17T20:35:15.980+0000] {taskinstance.py:1359} INFO - Starting attempt 9 of 9
[2023-10-17T20:35:15.989+0000] {taskinstance.py:1380} INFO - Executing <Task(LoadFileOperator): gcs_to_raw> on 2023-10-16 00:00:00+00:00
[2023-10-17T20:35:15.995+0000] {standard_task_runner.py:57} INFO - Started process 505 to run task
[2023-10-17T20:35:15.998+0000] {standard_task_runner.py:84} INFO - Running: ['***', 'tasks', 'run', 'games_details', 'gcs_to_raw', 'scheduled__2023-10-16T00:00:00+00:00', '--job-id', '531', '--raw', '--subdir', 'DAGS_FOLDER/data_pipeline.py', '--cfg-path', '/tmp/tmprrdxpju_']
[2023-10-17T20:35:16.000+0000] {standard_task_runner.py:85} INFO - Job 531: Subtask gcs_to_raw
[2023-10-17T20:35:16.036+0000] {task_command.py:415} INFO - Running <TaskInstance: games_details.gcs_to_raw scheduled__2023-10-16T00:00:00+00:00 [running]> on host df3af04ab639
[2023-10-17T20:35:16.094+0000] {taskinstance.py:1660} INFO - Exporting env vars: AIRFLOW_CTX_DAG_OWNER='***' AIRFLOW_CTX_DAG_ID='games_details' AIRFLOW_CTX_TASK_ID='gcs_to_raw' AIRFLOW_CTX_EXECUTION_DATE='2023-10-16T00:00:00+00:00' AIRFLOW_CTX_TRY_NUMBER='9' AIRFLOW_CTX_DAG_RUN_ID='scheduled__2023-10-16T00:00:00+00:00'
[2023-10-17T20:35:16.107+0000] {connection.py:232} WARNING - Connection schemes (type: google_cloud_platform) shall not contain '_' according to RFC3986.
[2023-10-17T20:35:16.111+0000] {base.py:73} INFO - Using connection ID 'gcp' for task execution.
[2023-10-17T20:35:16.128+0000] {load_file.py:134} INFO - Loading gs://steamanalytics/raw/games_details_2023-10-17.csv into BaseTable(name='raw_games', conn_id='gcp', metadata=Metadata(schema='games', database=None), columns=[], temp=False) ...
[2023-10-17T20:35:16.132+0000] {connection.py:232} WARNING - Connection schemes (type: google_cloud_platform) shall not contain '_' according to RFC3986.
[2023-10-17T20:35:16.133+0000] {base.py:73} INFO - Using connection ID 'gcp' for task execution.
[2023-10-17T20:35:16.165+0000] {connection.py:232} WARNING - Connection schemes (type: google_cloud_platform) shall not contain '_' according to RFC3986.
[2023-10-17T20:35:16.166+0000] {base.py:73} INFO - Using connection ID 'gcp' for task execution.
[2023-10-17T20:35:16.172+0000] {connection.py:232} WARNING - Connection schemes (type: google_cloud_platform) shall not contain '_' according to RFC3986.
[2023-10-17T20:35:16.173+0000] {base.py:73} INFO - Using connection ID 'gcp' for task execution.
[2023-10-17T20:35:16.808+0000] {bigquery.py:1094} INFO - Dataset Resource: Dataset(DatasetReference('pristine-flames-400818', 'games'))
[2023-10-17T20:35:16.814+0000] {connection.py:232} WARNING - Connection schemes (type: google_cloud_platform) shall not contain '_' according to RFC3986.
[2023-10-17T20:35:16.814+0000] {base.py:73} INFO - Using connection ID 'gcp' for task execution.
[2023-10-17T20:35:16.819+0000] {connection.py:232} WARNING - Connection schemes (type: google_cloud_platform) shall not contain '_' according to RFC3986.
[2023-10-17T20:35:16.820+0000] {base.py:73} INFO - Using connection ID 'gcp' for task execution.
[2023-10-17T20:35:16.824+0000] {connection.py:232} WARNING - Connection schemes (type: google_cloud_platform) shall not contain '_' according to RFC3986.
[2023-10-17T20:35:16.825+0000] {base.py:73} INFO - Using connection ID 'gcp' for task execution.
[2023-10-17T20:35:18.207+0000] {connection.py:232} WARNING - Connection schemes (type: google_cloud_platform) shall not contain '_' according to RFC3986.
[2023-10-17T20:35:18.207+0000] {base.py:73} INFO - Using connection ID 'gcp' for task execution.
[2023-10-17T20:35:18.212+0000] {connection.py:232} WARNING - Connection schemes (type: google_cloud_platform) shall not contain '_' according to RFC3986.
[2023-10-17T20:35:18.213+0000] {base.py:73} INFO - Using connection ID 'gcp' for task execution.
[2023-10-17T20:35:18.641+0000] {connection.py:232} WARNING - Connection schemes (type: google_cloud_platform) shall not contain '_' according to RFC3986.
[2023-10-17T20:35:18.641+0000] {base.py:73} INFO - Using connection ID 'gcp' for task execution.
[2023-10-17T20:35:18.646+0000] {connection.py:232} WARNING - Connection schemes (type: google_cloud_platform) shall not contain '_' according to RFC3986.
[2023-10-17T20:35:18.647+0000] {base.py:73} INFO - Using connection ID 'gcp' for task execution.
[2023-10-17T20:35:18.652+0000] {connection.py:232} WARNING - Connection schemes (type: google_cloud_platform) shall not contain '_' according to RFC3986.
[2023-10-17T20:35:18.653+0000] {base.py:73} INFO - Using connection ID 'gcp' for task execution.
[2023-10-17T20:35:22.059+0000] {base.py:573} INFO - Loading file(s) with Pandas...
[2023-10-17T20:35:22.066+0000] {connection.py:232} WARNING - Connection schemes (type: google_cloud_platform) shall not contain '_' according to RFC3986.
[2023-10-17T20:35:22.067+0000] {base.py:73} INFO - Using connection ID 'gcp' for task execution.
[2023-10-17T20:35:22.075+0000] {connection.py:232} WARNING - Connection schemes (type: google_cloud_platform) shall not contain '_' according to RFC3986.
[2023-10-17T20:35:22.076+0000] {base.py:73} INFO - Using connection ID 'gcp' for task execution.
[2023-10-17T20:35:22.499+0000] {connection.py:232} WARNING - Connection schemes (type: google_cloud_platform) shall not contain '_' according to RFC3986.
[2023-10-17T20:35:22.500+0000] {base.py:73} INFO - Using connection ID 'gcp' for task execution.
[2023-10-17T20:35:22.505+0000] {connection.py:232} WARNING - Connection schemes (type: google_cloud_platform) shall not contain '_' according to RFC3986.
[2023-10-17T20:35:22.505+0000] {base.py:73} INFO - Using connection ID 'gcp' for task execution.
[2023-10-17T20:35:22.510+0000] {connection.py:232} WARNING - Connection schemes (type: google_cloud_platform) shall not contain '_' according to RFC3986.
[2023-10-17T20:35:22.511+0000] {base.py:73} INFO - Using connection ID 'gcp' for task execution.
[2023-10-17T20:35:29.688+0000] {gbq.py:616} INFO - 87 out of 87 rows loaded.
[2023-10-17T20:35:29.688+0000] {load_file.py:168} INFO - Completed loading the data into BaseTable(name='raw_games', conn_id='gcp', metadata=Metadata(schema='games', database=None), columns=[], temp=False).
[2023-10-17T20:35:29.699+0000] {warnings.py:109} WARNING - /home/***/.local/lib/python3.8/site-packages/***/models/baseoperator.py:1473: RemovedInAirflow3Warning: Passing 'execution_date' to 'TaskInstance.xcom_push()' is deprecated.
  context["ti"].xcom_push(key=key, value=value, execution_date=execution_date)

[2023-10-17T20:35:29.715+0000] {taskinstance.py:1398} INFO - Marking task as SUCCESS. dag_id=games_details, task_id=gcs_to_raw, execution_date=20231016T000000, start_date=20231017T203515, end_date=20231017T203529
[2023-10-17T20:35:29.771+0000] {local_task_job_runner.py:228} INFO - Task exited with return code 0
[2023-10-17T20:35:29.796+0000] {taskinstance.py:2776} INFO - 1 downstream tasks scheduled from follow-on schedule check
