[2023-10-17T16:30:25.764+0000] {taskinstance.py:1157} INFO - Dependencies all met for dep_context=non-requeueable deps ti=<TaskInstance: games_details.gcs_to_raw scheduled__2023-10-16T00:00:00+00:00 [queued]>
[2023-10-17T16:30:25.770+0000] {taskinstance.py:1157} INFO - Dependencies all met for dep_context=requeueable deps ti=<TaskInstance: games_details.gcs_to_raw scheduled__2023-10-16T00:00:00+00:00 [queued]>
[2023-10-17T16:30:25.771+0000] {taskinstance.py:1359} INFO - Starting attempt 2 of 2
[2023-10-17T16:30:25.779+0000] {taskinstance.py:1380} INFO - Executing <Task(LoadFileOperator): gcs_to_raw> on 2023-10-16 00:00:00+00:00
[2023-10-17T16:30:25.785+0000] {standard_task_runner.py:57} INFO - Started process 1472 to run task
[2023-10-17T16:30:25.788+0000] {standard_task_runner.py:84} INFO - Running: ['***', 'tasks', 'run', 'games_details', 'gcs_to_raw', 'scheduled__2023-10-16T00:00:00+00:00', '--job-id', '478', '--raw', '--subdir', 'DAGS_FOLDER/data_pipeline.py', '--cfg-path', '/tmp/tmpaylbao17']
[2023-10-17T16:30:25.790+0000] {standard_task_runner.py:85} INFO - Job 478: Subtask gcs_to_raw
[2023-10-17T16:30:25.829+0000] {task_command.py:415} INFO - Running <TaskInstance: games_details.gcs_to_raw scheduled__2023-10-16T00:00:00+00:00 [running]> on host ee1b836360c8
[2023-10-17T16:30:25.885+0000] {taskinstance.py:1660} INFO - Exporting env vars: AIRFLOW_CTX_DAG_OWNER='***' AIRFLOW_CTX_DAG_ID='games_details' AIRFLOW_CTX_TASK_ID='gcs_to_raw' AIRFLOW_CTX_EXECUTION_DATE='2023-10-16T00:00:00+00:00' AIRFLOW_CTX_TRY_NUMBER='2' AIRFLOW_CTX_DAG_RUN_ID='scheduled__2023-10-16T00:00:00+00:00'
[2023-10-17T16:30:25.899+0000] {connection.py:232} WARNING - Connection schemes (type: google_cloud_platform) shall not contain '_' according to RFC3986.
[2023-10-17T16:30:25.902+0000] {base.py:73} INFO - Using connection ID 'gcp' for task execution.
[2023-10-17T16:30:25.920+0000] {load_file.py:134} INFO - Loading gs://steamanalytics/raw/games_details_2023-09-29.csv into BaseTable(name='raw_games', conn_id='gcp', metadata=Metadata(schema='games', database=None), columns=[], temp=False) ...
[2023-10-17T16:30:25.924+0000] {connection.py:232} WARNING - Connection schemes (type: google_cloud_platform) shall not contain '_' according to RFC3986.
[2023-10-17T16:30:25.925+0000] {base.py:73} INFO - Using connection ID 'gcp' for task execution.
[2023-10-17T16:30:25.949+0000] {connection.py:232} WARNING - Connection schemes (type: google_cloud_platform) shall not contain '_' according to RFC3986.
[2023-10-17T16:30:25.950+0000] {base.py:73} INFO - Using connection ID 'gcp' for task execution.
[2023-10-17T16:30:25.955+0000] {connection.py:232} WARNING - Connection schemes (type: google_cloud_platform) shall not contain '_' according to RFC3986.
[2023-10-17T16:30:25.956+0000] {base.py:73} INFO - Using connection ID 'gcp' for task execution.
[2023-10-17T16:30:26.608+0000] {bigquery.py:1094} INFO - Dataset Resource: Dataset(DatasetReference('pristine-flames-400818', 'games'))
[2023-10-17T16:30:26.614+0000] {connection.py:232} WARNING - Connection schemes (type: google_cloud_platform) shall not contain '_' according to RFC3986.
[2023-10-17T16:30:26.614+0000] {base.py:73} INFO - Using connection ID 'gcp' for task execution.
[2023-10-17T16:30:26.619+0000] {connection.py:232} WARNING - Connection schemes (type: google_cloud_platform) shall not contain '_' according to RFC3986.
[2023-10-17T16:30:26.620+0000] {base.py:73} INFO - Using connection ID 'gcp' for task execution.
[2023-10-17T16:30:26.624+0000] {connection.py:232} WARNING - Connection schemes (type: google_cloud_platform) shall not contain '_' according to RFC3986.
[2023-10-17T16:30:26.625+0000] {base.py:73} INFO - Using connection ID 'gcp' for task execution.
[2023-10-17T16:30:27.982+0000] {connection.py:232} WARNING - Connection schemes (type: google_cloud_platform) shall not contain '_' according to RFC3986.
[2023-10-17T16:30:27.983+0000] {base.py:73} INFO - Using connection ID 'gcp' for task execution.
[2023-10-17T16:30:27.988+0000] {connection.py:232} WARNING - Connection schemes (type: google_cloud_platform) shall not contain '_' according to RFC3986.
[2023-10-17T16:30:27.989+0000] {base.py:73} INFO - Using connection ID 'gcp' for task execution.
[2023-10-17T16:30:29.188+0000] {connection.py:232} WARNING - Connection schemes (type: google_cloud_platform) shall not contain '_' according to RFC3986.
[2023-10-17T16:30:29.188+0000] {base.py:73} INFO - Using connection ID 'gcp' for task execution.
[2023-10-17T16:30:29.193+0000] {connection.py:232} WARNING - Connection schemes (type: google_cloud_platform) shall not contain '_' according to RFC3986.
[2023-10-17T16:30:29.194+0000] {base.py:73} INFO - Using connection ID 'gcp' for task execution.
[2023-10-17T16:30:29.199+0000] {connection.py:232} WARNING - Connection schemes (type: google_cloud_platform) shall not contain '_' according to RFC3986.
[2023-10-17T16:30:29.199+0000] {base.py:73} INFO - Using connection ID 'gcp' for task execution.
[2023-10-17T16:30:32.589+0000] {base.py:573} INFO - Loading file(s) with Pandas...
[2023-10-17T16:30:32.596+0000] {connection.py:232} WARNING - Connection schemes (type: google_cloud_platform) shall not contain '_' according to RFC3986.
[2023-10-17T16:30:32.598+0000] {base.py:73} INFO - Using connection ID 'gcp' for task execution.
[2023-10-17T16:30:32.603+0000] {connection.py:232} WARNING - Connection schemes (type: google_cloud_platform) shall not contain '_' according to RFC3986.
[2023-10-17T16:30:32.604+0000] {base.py:73} INFO - Using connection ID 'gcp' for task execution.
[2023-10-17T16:30:33.785+0000] {connection.py:232} WARNING - Connection schemes (type: google_cloud_platform) shall not contain '_' according to RFC3986.
[2023-10-17T16:30:33.786+0000] {base.py:73} INFO - Using connection ID 'gcp' for task execution.
[2023-10-17T16:30:33.791+0000] {connection.py:232} WARNING - Connection schemes (type: google_cloud_platform) shall not contain '_' according to RFC3986.
[2023-10-17T16:30:33.793+0000] {base.py:73} INFO - Using connection ID 'gcp' for task execution.
[2023-10-17T16:30:33.799+0000] {connection.py:232} WARNING - Connection schemes (type: google_cloud_platform) shall not contain '_' according to RFC3986.
[2023-10-17T16:30:33.800+0000] {base.py:73} INFO - Using connection ID 'gcp' for task execution.
[2023-10-17T16:30:43.593+0000] {gbq.py:616} INFO - 2718 out of 2718 rows loaded.
[2023-10-17T16:30:43.594+0000] {load_file.py:168} INFO - Completed loading the data into BaseTable(name='raw_games', conn_id='gcp', metadata=Metadata(schema='games', database=None), columns=[], temp=False).
[2023-10-17T16:30:43.603+0000] {warnings.py:109} WARNING - /home/***/.local/lib/python3.8/site-packages/***/models/baseoperator.py:1473: RemovedInAirflow3Warning: Passing 'execution_date' to 'TaskInstance.xcom_push()' is deprecated.
  context["ti"].xcom_push(key=key, value=value, execution_date=execution_date)

[2023-10-17T16:30:43.617+0000] {taskinstance.py:1398} INFO - Marking task as SUCCESS. dag_id=games_details, task_id=gcs_to_raw, execution_date=20231016T000000, start_date=20231017T163025, end_date=20231017T163043
[2023-10-17T16:30:43.642+0000] {local_task_job_runner.py:228} INFO - Task exited with return code 0
[2023-10-17T16:30:43.667+0000] {taskinstance.py:2776} INFO - 1 downstream tasks scheduled from follow-on schedule check
