[2023-10-15T00:56:46.889+0000] {taskinstance.py:1157} INFO - Dependencies all met for dep_context=non-requeueable deps ti=<TaskInstance: games_details.extract_data scheduled__2023-10-14T00:00:00+00:00 [queued]>
[2023-10-15T00:56:46.896+0000] {taskinstance.py:1157} INFO - Dependencies all met for dep_context=requeueable deps ti=<TaskInstance: games_details.extract_data scheduled__2023-10-14T00:00:00+00:00 [queued]>
[2023-10-15T00:56:46.896+0000] {taskinstance.py:1359} INFO - Starting attempt 3 of 3
[2023-10-15T00:56:46.908+0000] {taskinstance.py:1380} INFO - Executing <Task(PythonOperator): extract_data> on 2023-10-14 00:00:00+00:00
[2023-10-15T00:56:46.915+0000] {standard_task_runner.py:57} INFO - Started process 1520 to run task
[2023-10-15T00:56:46.924+0000] {standard_task_runner.py:84} INFO - Running: ['***', 'tasks', 'run', 'games_details', 'extract_data', 'scheduled__2023-10-14T00:00:00+00:00', '--job-id', '401', '--raw', '--subdir', 'DAGS_FOLDER/data_pipeline.py', '--cfg-path', '/tmp/tmpdfuahg5f']
[2023-10-15T00:56:46.926+0000] {standard_task_runner.py:85} INFO - Job 401: Subtask extract_data
[2023-10-15T00:56:46.962+0000] {task_command.py:415} INFO - Running <TaskInstance: games_details.extract_data scheduled__2023-10-14T00:00:00+00:00 [running]> on host b39a7dd9b7e9
[2023-10-15T00:56:47.026+0000] {taskinstance.py:1660} INFO - Exporting env vars: AIRFLOW_CTX_DAG_OWNER='***' AIRFLOW_CTX_DAG_ID='games_details' AIRFLOW_CTX_TASK_ID='extract_data' AIRFLOW_CTX_EXECUTION_DATE='2023-10-14T00:00:00+00:00' AIRFLOW_CTX_TRY_NUMBER='3' AIRFLOW_CTX_DAG_RUN_ID='scheduled__2023-10-14T00:00:00+00:00'
[2023-10-15T00:56:47.027+0000] {configs.py:39} INFO - Variables de entorno establecidas con exito DB_PASS
[2023-10-15T00:56:47.027+0000] {configs.py:39} INFO - Variables de entorno establecidas con exito DB_NAME
[2023-10-15T00:56:47.027+0000] {configs.py:39} INFO - Variables de entorno establecidas con exito DB_USER
[2023-10-15T00:56:47.028+0000] {configs.py:39} INFO - Variables de entorno establecidas con exito DB_HOST
[2023-10-15T00:56:47.028+0000] {logging_mixin.py:151} INFO - {'DB_PASS': 'tomi', 'DB_NAME': 'steamAnalytics', 'DB_USER': 'tomi', 'DB_HOST': 'pristine-flames-400818:us-central1:steam-analytics'}
[2023-10-15T00:56:47.030+0000] {cloudsql_connection.py:39} ERROR - Error al conectar a la base de datos: 2005 (HY000): Unknown MySQL server host 'pristine-flames-400818:us-central1:steam-analytics' (-2)
[2023-10-15T00:56:47.030+0000] {extract_data.py:27} INFO - Error al extraer datos: __enter__
[2023-10-15T00:56:47.030+0000] {python.py:194} INFO - Done. Returned value was: ([], [])
[2023-10-15T00:56:47.048+0000] {taskinstance.py:1398} INFO - Marking task as SUCCESS. dag_id=games_details, task_id=extract_data, execution_date=20231014T000000, start_date=20231015T005646, end_date=20231015T005647
[2023-10-15T00:56:47.091+0000] {local_task_job_runner.py:228} INFO - Task exited with return code 0
[2023-10-15T00:56:47.120+0000] {taskinstance.py:2776} INFO - 1 downstream tasks scheduled from follow-on schedule check
