[2023-10-15T00:00:25.650+0000] {taskinstance.py:1157} INFO - Dependencies all met for dep_context=non-requeueable deps ti=<TaskInstance: games_details.extract_data scheduled__2023-10-14T00:00:00+00:00 [queued]>
[2023-10-15T00:00:25.656+0000] {taskinstance.py:1157} INFO - Dependencies all met for dep_context=requeueable deps ti=<TaskInstance: games_details.extract_data scheduled__2023-10-14T00:00:00+00:00 [queued]>
[2023-10-15T00:00:25.656+0000] {taskinstance.py:1359} INFO - Starting attempt 1 of 1
[2023-10-15T00:00:25.684+0000] {taskinstance.py:1380} INFO - Executing <Task(PythonOperator): extract_data> on 2023-10-14 00:00:00+00:00
[2023-10-15T00:00:25.689+0000] {standard_task_runner.py:57} INFO - Started process 3431 to run task
[2023-10-15T00:00:25.691+0000] {standard_task_runner.py:84} INFO - Running: ['***', 'tasks', 'run', 'games_details', 'extract_data', 'scheduled__2023-10-14T00:00:00+00:00', '--job-id', '391', '--raw', '--subdir', 'DAGS_FOLDER/data_pipeline.py', '--cfg-path', '/tmp/tmp7_0_pjd4']
[2023-10-15T00:00:25.693+0000] {standard_task_runner.py:85} INFO - Job 391: Subtask extract_data
[2023-10-15T00:00:25.794+0000] {task_command.py:415} INFO - Running <TaskInstance: games_details.extract_data scheduled__2023-10-14T00:00:00+00:00 [running]> on host 73255a4feea0
[2023-10-15T00:00:25.860+0000] {taskinstance.py:1660} INFO - Exporting env vars: AIRFLOW_CTX_DAG_OWNER='***' AIRFLOW_CTX_DAG_ID='games_details' AIRFLOW_CTX_TASK_ID='extract_data' AIRFLOW_CTX_EXECUTION_DATE='2023-10-14T00:00:00+00:00' AIRFLOW_CTX_TRY_NUMBER='1' AIRFLOW_CTX_DAG_RUN_ID='scheduled__2023-10-14T00:00:00+00:00'
[2023-10-15T00:00:25.861+0000] {configs.py:39} INFO - Variables de entorno establecidas con exito DB_PASS
[2023-10-15T00:00:25.861+0000] {configs.py:39} INFO - Variables de entorno establecidas con exito DB_NAME
[2023-10-15T00:00:25.861+0000] {configs.py:39} INFO - Variables de entorno establecidas con exito DB_USER
[2023-10-15T00:00:25.862+0000] {configs.py:39} INFO - Variables de entorno establecidas con exito DB_HOST
[2023-10-15T00:00:25.862+0000] {logging_mixin.py:151} INFO - {'DB_PASS': 'tomi', 'DB_NAME': 'steamAnalytics', 'DB_USER': 'tomi', 'DB_HOST': '127.0.0.1'}
[2023-10-15T00:00:25.864+0000] {cloudsql_connection.py:39} ERROR - Error al conectar a la base de datos: 2003 (HY000): Can't connect to MySQL server on '127.0.0.1:3306' (111)
[2023-10-15T00:00:25.864+0000] {extract_data.py:27} INFO - Error al extraer datos: __enter__
[2023-10-15T00:00:25.864+0000] {python.py:194} INFO - Done. Returned value was: ([], [])
[2023-10-15T00:00:25.898+0000] {taskinstance.py:1398} INFO - Marking task as SUCCESS. dag_id=games_details, task_id=extract_data, execution_date=20231014T000000, start_date=20231015T000025, end_date=20231015T000025
[2023-10-15T00:00:25.943+0000] {local_task_job_runner.py:228} INFO - Task exited with return code 0
[2023-10-15T00:00:25.975+0000] {taskinstance.py:2776} INFO - 1 downstream tasks scheduled from follow-on schedule check
