[2023-10-15T01:42:13.738+0000] {taskinstance.py:1157} INFO - Dependencies all met for dep_context=non-requeueable deps ti=<TaskInstance: games_details.extract_data scheduled__2023-10-14T00:00:00+00:00 [queued]>
[2023-10-15T01:42:13.745+0000] {taskinstance.py:1157} INFO - Dependencies all met for dep_context=requeueable deps ti=<TaskInstance: games_details.extract_data scheduled__2023-10-14T00:00:00+00:00 [queued]>
[2023-10-15T01:42:13.745+0000] {taskinstance.py:1359} INFO - Starting attempt 4 of 4
[2023-10-15T01:42:13.754+0000] {taskinstance.py:1380} INFO - Executing <Task(PythonOperator): extract_data> on 2023-10-14 00:00:00+00:00
[2023-10-15T01:42:13.759+0000] {standard_task_runner.py:57} INFO - Started process 4354 to run task
[2023-10-15T01:42:13.762+0000] {standard_task_runner.py:84} INFO - Running: ['***', 'tasks', 'run', 'games_details', 'extract_data', 'scheduled__2023-10-14T00:00:00+00:00', '--job-id', '403', '--raw', '--subdir', 'DAGS_FOLDER/data_pipeline.py', '--cfg-path', '/tmp/tmpy1ex2re4']
[2023-10-15T01:42:13.764+0000] {standard_task_runner.py:85} INFO - Job 403: Subtask extract_data
[2023-10-15T01:42:13.797+0000] {task_command.py:415} INFO - Running <TaskInstance: games_details.extract_data scheduled__2023-10-14T00:00:00+00:00 [running]> on host b39a7dd9b7e9
[2023-10-15T01:42:13.901+0000] {taskinstance.py:1660} INFO - Exporting env vars: AIRFLOW_CTX_DAG_OWNER='***' AIRFLOW_CTX_DAG_ID='games_details' AIRFLOW_CTX_TASK_ID='extract_data' AIRFLOW_CTX_EXECUTION_DATE='2023-10-14T00:00:00+00:00' AIRFLOW_CTX_TRY_NUMBER='4' AIRFLOW_CTX_DAG_RUN_ID='scheduled__2023-10-14T00:00:00+00:00'
[2023-10-15T01:42:13.903+0000] {configs.py:39} INFO - Variables de entorno establecidas con exito DB_PASS
[2023-10-15T01:42:13.903+0000] {configs.py:39} INFO - Variables de entorno establecidas con exito DB_NAME
[2023-10-15T01:42:13.903+0000] {configs.py:39} INFO - Variables de entorno establecidas con exito DB_USER
[2023-10-15T01:42:13.903+0000] {configs.py:39} INFO - Variables de entorno establecidas con exito DB_HOST
[2023-10-15T01:42:13.904+0000] {logging_mixin.py:151} INFO - {'DB_PASS': 'tomi', 'DB_NAME': 'steamAnalytics', 'DB_USER': 'tomi', 'DB_HOST': '35.202.109.205'}
[2023-10-15T01:42:15.446+0000] {cloudsql_connection.py:30} INFO - Conexión exitosa a la base de datos steamAnalytics en Cloud SQL.
[2023-10-15T01:42:15.766+0000] {extract_data.py:27} INFO - Error al extraer datos: 1146 (42S02): Table 'steamAnalytics.games_details' doesn't exist
[2023-10-15T01:42:15.767+0000] {python.py:194} INFO - Done. Returned value was: ([], [])
[2023-10-15T01:42:15.816+0000] {taskinstance.py:1398} INFO - Marking task as SUCCESS. dag_id=games_details, task_id=extract_data, execution_date=20231014T000000, start_date=20231015T014213, end_date=20231015T014215
[2023-10-15T01:42:15.861+0000] {local_task_job_runner.py:228} INFO - Task exited with return code 0
[2023-10-15T01:42:15.892+0000] {taskinstance.py:2776} INFO - 1 downstream tasks scheduled from follow-on schedule check
