[2023-10-18T20:29:37.294+0000] {taskinstance.py:1157} INFO - Dependencies all met for dep_context=non-requeueable deps ti=<TaskInstance: games_details.transform.fct_game_pricing_run scheduled__2023-10-17T00:00:00+00:00 [queued]>
[2023-10-18T20:29:37.310+0000] {taskinstance.py:1157} INFO - Dependencies all met for dep_context=requeueable deps ti=<TaskInstance: games_details.transform.fct_game_pricing_run scheduled__2023-10-17T00:00:00+00:00 [queued]>
[2023-10-18T20:29:37.310+0000] {taskinstance.py:1359} INFO - Starting attempt 1 of 1
[2023-10-18T20:29:37.320+0000] {taskinstance.py:1380} INFO - Executing <Task(DbtRunLocalOperator): transform.fct_game_pricing_run> on 2023-10-17 00:00:00+00:00
[2023-10-18T20:29:37.330+0000] {standard_task_runner.py:57} INFO - Started process 1357 to run task
[2023-10-18T20:29:37.334+0000] {standard_task_runner.py:84} INFO - Running: ['***', 'tasks', 'run', 'games_details', 'transform.fct_game_pricing_run', 'scheduled__2023-10-17T00:00:00+00:00', '--job-id', '570', '--raw', '--subdir', 'DAGS_FOLDER/data_pipeline.py', '--cfg-path', '/tmp/tmpwyl4sebs']
[2023-10-18T20:29:37.341+0000] {standard_task_runner.py:85} INFO - Job 570: Subtask transform.fct_game_pricing_run
[2023-10-18T20:29:37.395+0000] {task_command.py:415} INFO - Running <TaskInstance: games_details.transform.fct_game_pricing_run scheduled__2023-10-17T00:00:00+00:00 [running]> on host f991a33f9277
[2023-10-18T20:29:37.466+0000] {taskinstance.py:1660} INFO - Exporting env vars: AIRFLOW_CTX_DAG_OWNER='***' AIRFLOW_CTX_DAG_ID='games_details' AIRFLOW_CTX_TASK_ID='transform.fct_game_pricing_run' AIRFLOW_CTX_EXECUTION_DATE='2023-10-17T00:00:00+00:00' AIRFLOW_CTX_TRY_NUMBER='1' AIRFLOW_CTX_DAG_RUN_ID='scheduled__2023-10-17T00:00:00+00:00'
[2023-10-18T20:29:37.468+0000] {log.py:232} WARNING - [[34m2023-10-18T20:29:37.468+0000[0m] {[34mlocal.py:[0m190} INFO[0m - [35m(astronomer-cosmos)[0m - Cloning project to writable temp directory /tmp/tmp8n7144r8 from /opt/***/includes/dbt[0m
[2023-10-18T20:29:37.468+0000] {local.py:190} INFO - Cloning project to writable temp directory /tmp/tmp8n7144r8 from /opt/airflow/includes/dbt
[2023-10-18T20:29:37.505+0000] {log.py:232} WARNING - [[34m2023-10-18T20:29:37.505+0000[0m] {[34mconfig.py:[0m168} INFO[0m - [35m(astronomer-cosmos)[0m - Using user-supplied profiles.yml at /opt/***/includes/dbt/profiles.yml[0m
[2023-10-18T20:29:37.505+0000] {config.py:168} INFO - Using user-supplied profiles.yml at /opt/airflow/includes/dbt/profiles.yml
[2023-10-18T20:29:37.505+0000] {log.py:232} WARNING - [[34m2023-10-18T20:29:37.505+0000[0m] {[34mlocal.py:[0m222} INFO[0m - [35m(astronomer-cosmos)[0m - Trying to run the command:
 ['/home/***/.local/bin/dbt', 'run', '--models', 'fct_game_pricing', '--profiles-dir', '/opt/***/includes/dbt', '--profile', 'games', '--target', 'dev']
From /tmp/tmp8n7144r8/dbt_project[0m
[2023-10-18T20:29:37.505+0000] {local.py:222} INFO - Trying to run the command:
 ['/home/***/.local/bin/dbt', 'run', '--models', 'fct_game_pricing', '--profiles-dir', '/opt/***/includes/dbt', '--profile', 'games', '--target', 'dev']
From /tmp/tmp8n7144r8/dbt_project
[2023-10-18T20:29:37.506+0000] {log.py:232} WARNING - [[34m2023-10-18T20:29:37.506+0000[0m] {[34mlocal.py:[0m223} INFO[0m - [35m(astronomer-cosmos)[0m - Using environment variables keys: dict_keys(['AIRFLOW_CTX_DAG_OWNER', 'AIRFLOW_CTX_DAG_ID', 'AIRFLOW_CTX_TASK_ID', 'AIRFLOW_CTX_EXECUTION_DATE', 'AIRFLOW_CTX_TRY_NUMBER', 'AIRFLOW_CTX_DAG_RUN_ID'])[0m
[2023-10-18T20:29:37.506+0000] {local.py:223} INFO - Using environment variables keys: dict_keys(['AIRFLOW_CTX_DAG_OWNER', 'AIRFLOW_CTX_DAG_ID', 'AIRFLOW_CTX_TASK_ID', 'AIRFLOW_CTX_EXECUTION_DATE', 'AIRFLOW_CTX_TRY_NUMBER', 'AIRFLOW_CTX_DAG_RUN_ID'])
[2023-10-18T20:29:37.506+0000] {log.py:232} WARNING - [[34m2023-10-18T20:29:37.506+0000[0m] {[34msubprocess.py:[0m60} INFO[0m - [35m(astronomer-cosmos)[0m - Tmp dir root location: 
 /tmp[0m
[2023-10-18T20:29:37.506+0000] {subprocess.py:60} INFO - Tmp dir root location: 
 /tmp
[2023-10-18T20:29:37.506+0000] {log.py:232} WARNING - [[34m2023-10-18T20:29:37.506+0000[0m] {[34msubprocess.py:[0m73} INFO[0m - [35m(astronomer-cosmos)[0m - Running command: ['/home/***/.local/bin/dbt', 'run', '--models', 'fct_game_pricing', '--profiles-dir', '/opt/***/includes/dbt', '--profile', 'games', '--target', 'dev'][0m
[2023-10-18T20:29:37.506+0000] {subprocess.py:73} INFO - Running command: ['/home/***/.local/bin/dbt', 'run', '--models', 'fct_game_pricing', '--profiles-dir', '/opt/***/includes/dbt', '--profile', 'games', '--target', 'dev']
[2023-10-18T20:29:37.522+0000] {log.py:232} WARNING - [[34m2023-10-18T20:29:37.522+0000[0m] {[34msubprocess.py:[0m84} INFO[0m - [35m(astronomer-cosmos)[0m - Command output:[0m
[2023-10-18T20:29:37.522+0000] {subprocess.py:84} INFO - Command output:
[2023-10-18T20:29:41.268+0000] {log.py:232} WARNING - [[34m2023-10-18T20:29:41.268+0000[0m] {[34msubprocess.py:[0m94} INFO[0m - [35m(astronomer-cosmos)[0m - [0m20:29:41  Running with dbt=1.6.6[0m
[2023-10-18T20:29:41.268+0000] {subprocess.py:94} INFO - [0m20:29:41  Running with dbt=1.6.6
[2023-10-18T20:29:42.120+0000] {log.py:232} WARNING - [[34m2023-10-18T20:29:42.120+0000[0m] {[34msubprocess.py:[0m94} INFO[0m - [35m(astronomer-cosmos)[0m - [0m20:29:42  Registered adapter: bigquery=1.6.7[0m
[2023-10-18T20:29:42.120+0000] {subprocess.py:94} INFO - [0m20:29:42  Registered adapter: bigquery=1.6.7
[2023-10-18T20:29:42.150+0000] {log.py:232} WARNING - [[34m2023-10-18T20:29:42.150+0000[0m] {[34msubprocess.py:[0m94} INFO[0m - [35m(astronomer-cosmos)[0m - [0m20:29:42  Unable to do partial parsing because of a version mismatch[0m
[2023-10-18T20:29:42.150+0000] {subprocess.py:94} INFO - [0m20:29:42  Unable to do partial parsing because of a version mismatch
[2023-10-18T20:29:43.605+0000] {log.py:232} WARNING - [[34m2023-10-18T20:29:43.604+0000[0m] {[34msubprocess.py:[0m94} INFO[0m - [35m(astronomer-cosmos)[0m - [0m20:29:43  Found 11 models, 1 source, 0 exposures, 0 metrics, 508 macros, 0 groups, 0 semantic models[0m
[2023-10-18T20:29:43.604+0000] {subprocess.py:94} INFO - [0m20:29:43  Found 11 models, 1 source, 0 exposures, 0 metrics, 508 macros, 0 groups, 0 semantic models
[2023-10-18T20:29:43.607+0000] {log.py:232} WARNING - [[34m2023-10-18T20:29:43.606+0000[0m] {[34msubprocess.py:[0m94} INFO[0m - [35m(astronomer-cosmos)[0m - [0m20:29:43[0m
[2023-10-18T20:29:43.606+0000] {subprocess.py:94} INFO - [0m20:29:43
[2023-10-18T20:29:45.190+0000] {log.py:232} WARNING - [[34m2023-10-18T20:29:45.190+0000[0m] {[34msubprocess.py:[0m94} INFO[0m - [35m(astronomer-cosmos)[0m - [0m20:29:45  Concurrency: 1 threads (target='dev')[0m
[2023-10-18T20:29:45.190+0000] {subprocess.py:94} INFO - [0m20:29:45  Concurrency: 1 threads (target='dev')
[2023-10-18T20:29:45.191+0000] {log.py:232} WARNING - [[34m2023-10-18T20:29:45.191+0000[0m] {[34msubprocess.py:[0m94} INFO[0m - [35m(astronomer-cosmos)[0m - [0m20:29:45[0m
[2023-10-18T20:29:45.191+0000] {subprocess.py:94} INFO - [0m20:29:45
[2023-10-18T20:29:45.239+0000] {log.py:232} WARNING - [[34m2023-10-18T20:29:45.239+0000[0m] {[34msubprocess.py:[0m94} INFO[0m - [35m(astronomer-cosmos)[0m - [0m20:29:45  1 of 1 START sql table model games.fct_game_pricing ............................ [RUN][0m
[2023-10-18T20:29:45.239+0000] {subprocess.py:94} INFO - [0m20:29:45  1 of 1 START sql table model games.fct_game_pricing ............................ [RUN]
[2023-10-18T20:29:49.576+0000] {log.py:232} WARNING - [[34m2023-10-18T20:29:49.576+0000[0m] {[34msubprocess.py:[0m94} INFO[0m - [35m(astronomer-cosmos)[0m - [0m20:29:49  1 of 1 OK created sql table model games.fct_game_pricing ....................... [[32mCREATE TABLE (296.0 rows, 197.0 KiB processed)[0m in 4.33s][0m
[2023-10-18T20:29:49.576+0000] {subprocess.py:94} INFO - [0m20:29:49  1 of 1 OK created sql table model games.fct_game_pricing ....................... [[32mCREATE TABLE (296.0 rows, 197.0 KiB processed)[0m in 4.33s]
[2023-10-18T20:29:49.579+0000] {log.py:232} WARNING - [[34m2023-10-18T20:29:49.579+0000[0m] {[34msubprocess.py:[0m94} INFO[0m - [35m(astronomer-cosmos)[0m - [0m20:29:49[0m
[2023-10-18T20:29:49.579+0000] {subprocess.py:94} INFO - [0m20:29:49
[2023-10-18T20:29:49.580+0000] {log.py:232} WARNING - [[34m2023-10-18T20:29:49.580+0000[0m] {[34msubprocess.py:[0m94} INFO[0m - [35m(astronomer-cosmos)[0m - [0m20:29:49  Finished running 1 table model in 0 hours 0 minutes and 5.97 seconds (5.97s).[0m
[2023-10-18T20:29:49.580+0000] {subprocess.py:94} INFO - [0m20:29:49  Finished running 1 table model in 0 hours 0 minutes and 5.97 seconds (5.97s).
[2023-10-18T20:29:49.627+0000] {log.py:232} WARNING - [[34m2023-10-18T20:29:49.627+0000[0m] {[34msubprocess.py:[0m94} INFO[0m - [35m(astronomer-cosmos)[0m - [0m20:29:49[0m
[2023-10-18T20:29:49.627+0000] {subprocess.py:94} INFO - [0m20:29:49
[2023-10-18T20:29:49.628+0000] {log.py:232} WARNING - [[34m2023-10-18T20:29:49.628+0000[0m] {[34msubprocess.py:[0m94} INFO[0m - [35m(astronomer-cosmos)[0m - [0m20:29:49  [32mCompleted successfully[0m[0m
[2023-10-18T20:29:49.628+0000] {subprocess.py:94} INFO - [0m20:29:49  [32mCompleted successfully[0m
[2023-10-18T20:29:49.638+0000] {log.py:232} WARNING - [[34m2023-10-18T20:29:49.638+0000[0m] {[34msubprocess.py:[0m94} INFO[0m - [35m(astronomer-cosmos)[0m - [0m20:29:49[0m
[2023-10-18T20:29:49.638+0000] {subprocess.py:94} INFO - [0m20:29:49
[2023-10-18T20:29:49.640+0000] {log.py:232} WARNING - [[34m2023-10-18T20:29:49.640+0000[0m] {[34msubprocess.py:[0m94} INFO[0m - [35m(astronomer-cosmos)[0m - [0m20:29:49  Done. PASS=1 WARN=0 ERROR=0 SKIP=0 TOTAL=1[0m
[2023-10-18T20:29:49.640+0000] {subprocess.py:94} INFO - [0m20:29:49  Done. PASS=1 WARN=0 ERROR=0 SKIP=0 TOTAL=1
[2023-10-18T20:29:50.878+0000] {log.py:232} WARNING - [[34m2023-10-18T20:29:50.878+0000[0m] {[34msubprocess.py:[0m98} INFO[0m - [35m(astronomer-cosmos)[0m - Command exited with return code 0[0m
[2023-10-18T20:29:50.878+0000] {subprocess.py:98} INFO - Command exited with return code 0
[2023-10-18T20:29:50.888+0000] {local.py:86} WARNING - Artifact schema version: https://schemas.getdbt.com/dbt/manifest/v10.json is above dbt-ol supported version 7. This might cause errors.
[2023-10-18T20:29:50.895+0000] {log.py:232} WARNING - [[34m2023-10-18T20:29:50.895+0000[0m] {[34mlocal.py:[0m239} INFO[0m - [35m(astronomer-cosmos)[0m - Inlets: [Dataset(uri='bigquery/pristine-flames-400818.games.dim_games', extra=None), Dataset(uri='bigquery/pristine-flames-400818.games.dim_price_overview', extra=None)][0m
[2023-10-18T20:29:50.895+0000] {local.py:239} INFO - Inlets: [Dataset(uri='bigquery/pristine-flames-400818.games.dim_games', extra=None), Dataset(uri='bigquery/pristine-flames-400818.games.dim_price_overview', extra=None)]
[2023-10-18T20:29:50.896+0000] {log.py:232} WARNING - [[34m2023-10-18T20:29:50.895+0000[0m] {[34mlocal.py:[0m240} INFO[0m - [35m(astronomer-cosmos)[0m - Outlets: [Dataset(uri='bigquery/pristine-flames-400818.games.fct_game_pricing', extra=None)][0m
[2023-10-18T20:29:50.895+0000] {local.py:240} INFO - Outlets: [Dataset(uri='bigquery/pristine-flames-400818.games.fct_game_pricing', extra=None)]
[2023-10-18T20:29:50.896+0000] {dag.py:2915} INFO - Sync 1 DAGs
[2023-10-18T20:29:50.930+0000] {dag.py:3696} INFO - Setting next_dagrun for games_details to 2023-10-18T00:00:00+00:00, run_after=2023-10-19T00:00:00+00:00
[2023-10-18T20:29:50.986+0000] {log.py:232} WARNING - [[34m2023-10-18T20:29:50.986+0000[0m] {[34mlocal.py:[0m358} INFO[0m - [35m(astronomer-cosmos)[0m - [0m20:29:49  Done. PASS=1 WARN=0 ERROR=0 SKIP=0 TOTAL=1[0m
[2023-10-18T20:29:50.986+0000] {local.py:358} INFO - [0m20:29:49  Done. PASS=1 WARN=0 ERROR=0 SKIP=0 TOTAL=1
[2023-10-18T20:29:50.989+0000] {warnings.py:109} WARNING - /home/***/.local/lib/python3.8/site-packages/***/models/baseoperator.py:1473: RemovedInAirflow3Warning: Passing 'execution_date' to 'TaskInstance.xcom_push()' is deprecated.
  context["ti"].xcom_push(key=key, value=value, execution_date=execution_date)

[2023-10-18T20:29:51.043+0000] {taskinstance.py:1398} INFO - Marking task as SUCCESS. dag_id=games_details, task_id=transform.fct_game_pricing_run, execution_date=20231017T000000, start_date=20231018T202937, end_date=20231018T202951
[2023-10-18T20:29:51.107+0000] {local_task_job_runner.py:228} INFO - Task exited with return code 0
[2023-10-18T20:29:51.134+0000] {taskinstance.py:2776} INFO - 0 downstream tasks scheduled from follow-on schedule check
