2023-09-28 19:48:19,343 - mi_logger - INFO - Variables de entorno establecidas con exito DB_PASS
2023-09-28 19:48:19,343 - mi_logger - INFO - Variables de entorno establecidas con exito DB_NAME
2023-09-28 19:48:19,343 - mi_logger - INFO - Variables de entorno establecidas con exito DB_USER
2023-09-28 19:48:19,343 - mi_logger - INFO - Variables de entorno establecidas con exito DB_HOST
2023-09-28 19:48:20,995 - mi_logger - INFO - Conexión exitosa a la base de datos steamAnalytics en Cloud SQL.
2023-09-28 19:48:53,791 - mi_logger - INFO - Variables de entorno establecidas con exito DB_PASS
2023-09-28 19:48:53,791 - mi_logger - INFO - Variables de entorno establecidas con exito DB_NAME
2023-09-28 19:48:53,791 - mi_logger - INFO - Variables de entorno establecidas con exito DB_USER
2023-09-28 19:48:53,791 - mi_logger - INFO - Variables de entorno establecidas con exito DB_HOST
2023-09-28 19:48:55,421 - mi_logger - INFO - Conexión exitosa a la base de datos steamAnalytics en Cloud SQL.
2023-09-28 19:58:27,686 - mi_logger - INFO - Variables de entorno establecidas con exito DB_PASS
2023-09-28 19:58:27,686 - mi_logger - INFO - Variables de entorno establecidas con exito DB_NAME
2023-09-28 19:58:27,686 - mi_logger - INFO - Variables de entorno establecidas con exito DB_USER
2023-09-28 19:58:27,686 - mi_logger - INFO - Variables de entorno establecidas con exito DB_HOST
2023-09-28 19:58:29,362 - mi_logger - INFO - Conexión exitosa a la base de datos steamAnalytics en Cloud SQL.
2023-09-28 20:12:31,543 - mi_logger - INFO - Variables de entorno establecidas con exito DB_PASS
2023-09-28 20:12:31,544 - mi_logger - INFO - Variables de entorno establecidas con exito DB_NAME
2023-09-28 20:12:31,544 - mi_logger - INFO - Variables de entorno establecidas con exito DB_USER
2023-09-28 20:12:31,544 - mi_logger - INFO - Variables de entorno establecidas con exito DB_HOST
2023-09-28 20:12:36,067 - mi_logger - INFO - Variables de entorno establecidas con exito DB_PASS
2023-09-28 20:12:36,067 - mi_logger - INFO - Variables de entorno establecidas con exito DB_NAME
2023-09-28 20:12:36,067 - mi_logger - INFO - Variables de entorno establecidas con exito DB_USER
2023-09-28 20:12:36,067 - mi_logger - INFO - Variables de entorno establecidas con exito DB_HOST
2023-09-28 20:12:37,754 - mi_logger - INFO - Conexión exitosa a la base de datos steamAnalytics en Cloud SQL.
2023-09-28 20:20:22,515 - mi_logger - INFO - Variables de entorno establecidas con exito DB_PASS
2023-09-28 20:20:22,515 - mi_logger - INFO - Variables de entorno establecidas con exito DB_NAME
2023-09-28 20:20:22,515 - mi_logger - INFO - Variables de entorno establecidas con exito DB_USER
2023-09-28 20:20:22,515 - mi_logger - INFO - Variables de entorno establecidas con exito DB_HOST
2023-09-28 20:20:24,132 - mi_logger - INFO - Conexión exitosa a la base de datos steamAnalytics en Cloud SQL.
2023-09-28 20:25:19,727 - mi_logger - INFO - Variables de entorno establecidas con exito DB_PASS
2023-09-28 20:25:19,727 - mi_logger - INFO - Variables de entorno establecidas con exito DB_NAME
2023-09-28 20:25:19,728 - mi_logger - INFO - Variables de entorno establecidas con exito DB_USER
2023-09-28 20:25:19,728 - mi_logger - INFO - Variables de entorno establecidas con exito DB_HOST
2023-09-28 20:25:21,352 - mi_logger - INFO - Conexión exitosa a la base de datos steamAnalytics en Cloud SQL.
2023-09-28 20:25:56,185 - mi_logger - INFO - Variables de entorno establecidas con exito DB_PASS
2023-09-28 20:25:56,185 - mi_logger - INFO - Variables de entorno establecidas con exito DB_NAME
2023-09-28 20:25:56,185 - mi_logger - INFO - Variables de entorno establecidas con exito DB_USER
2023-09-28 20:25:56,185 - mi_logger - INFO - Variables de entorno establecidas con exito DB_HOST
2023-09-28 20:25:57,871 - mi_logger - INFO - Conexión exitosa a la base de datos steamAnalytics en Cloud SQL.
2023-09-28 20:26:28,278 - mi_logger - INFO - Variables de entorno establecidas con exito DB_PASS
2023-09-28 20:26:28,278 - mi_logger - INFO - Variables de entorno establecidas con exito DB_NAME
2023-09-28 20:26:28,278 - mi_logger - INFO - Variables de entorno establecidas con exito DB_USER
2023-09-28 20:26:28,278 - mi_logger - INFO - Variables de entorno establecidas con exito DB_HOST
2023-09-28 20:26:31,747 - mi_logger - INFO - Variables de entorno establecidas con exito DB_PASS
2023-09-28 20:26:31,747 - mi_logger - INFO - Variables de entorno establecidas con exito DB_NAME
2023-09-28 20:26:31,747 - mi_logger - INFO - Variables de entorno establecidas con exito DB_USER
2023-09-28 20:26:31,747 - mi_logger - INFO - Variables de entorno establecidas con exito DB_HOST
2023-09-28 20:26:33,389 - mi_logger - INFO - Conexión exitosa a la base de datos steamAnalytics en Cloud SQL.
2023-09-28 20:28:20,272 - mi_logger - INFO - Variables de entorno establecidas con exito DB_PASS
2023-09-28 20:28:20,272 - mi_logger - INFO - Variables de entorno establecidas con exito DB_NAME
2023-09-28 20:28:20,272 - mi_logger - INFO - Variables de entorno establecidas con exito DB_USER
2023-09-28 20:28:20,272 - mi_logger - INFO - Variables de entorno establecidas con exito DB_HOST
2023-09-28 20:28:21,897 - mi_logger - INFO - Conexión exitosa a la base de datos steamAnalytics en Cloud SQL.
2023-09-28 20:28:38,608 - mi_logger - INFO - Variables de entorno establecidas con exito DB_PASS
2023-09-28 20:28:38,609 - mi_logger - INFO - Variables de entorno establecidas con exito DB_NAME
2023-09-28 20:28:38,609 - mi_logger - INFO - Variables de entorno establecidas con exito DB_USER
2023-09-28 20:28:38,609 - mi_logger - INFO - Variables de entorno establecidas con exito DB_HOST
2023-09-28 20:28:40,259 - mi_logger - INFO - Conexión exitosa a la base de datos steamAnalytics en Cloud SQL.
2023-09-28 20:28:55,096 - mi_logger - INFO - Variables de entorno establecidas con exito DB_PASS
2023-09-28 20:28:55,096 - mi_logger - INFO - Variables de entorno establecidas con exito DB_NAME
2023-09-28 20:28:55,096 - mi_logger - INFO - Variables de entorno establecidas con exito DB_USER
2023-09-28 20:28:55,096 - mi_logger - INFO - Variables de entorno establecidas con exito DB_HOST
2023-09-28 20:28:56,783 - mi_logger - INFO - Conexión exitosa a la base de datos steamAnalytics en Cloud SQL.
2023-09-28 20:44:47,409 - mi_logger - INFO - Variables de entorno establecidas con exito DB_PASS
2023-09-28 20:44:47,410 - mi_logger - INFO - Variables de entorno establecidas con exito DB_NAME
2023-09-28 20:44:47,410 - mi_logger - INFO - Variables de entorno establecidas con exito DB_USER
2023-09-28 20:44:47,410 - mi_logger - INFO - Variables de entorno establecidas con exito DB_HOST
2023-09-28 20:44:49,067 - mi_logger - INFO - Conexión exitosa a la base de datos steamAnalytics en Cloud SQL.
2023-09-28 20:45:34,678 - mi_logger - INFO - Variables de entorno establecidas con exito DB_PASS
2023-09-28 20:45:34,678 - mi_logger - INFO - Variables de entorno establecidas con exito DB_NAME
2023-09-28 20:45:34,678 - mi_logger - INFO - Variables de entorno establecidas con exito DB_USER
2023-09-28 20:45:34,678 - mi_logger - INFO - Variables de entorno establecidas con exito DB_HOST
2023-09-28 20:45:36,302 - mi_logger - INFO - Conexión exitosa a la base de datos steamAnalytics en Cloud SQL.
2023-09-28 21:05:04,904 - mi_logger - INFO - Variables de entorno establecidas con exito DB_PASS
2023-09-28 21:05:04,904 - mi_logger - INFO - Variables de entorno establecidas con exito DB_NAME
2023-09-28 21:05:04,904 - mi_logger - INFO - Variables de entorno establecidas con exito DB_USER
2023-09-28 21:05:04,904 - mi_logger - INFO - Variables de entorno establecidas con exito DB_HOST
2023-09-28 21:05:06,587 - mi_logger - INFO - Conexión exitosa a la base de datos steamAnalytics en Cloud SQL.
2023-09-28 21:11:25,173 - mi_logger - INFO - Variables de entorno establecidas con exito DB_PASS
2023-09-28 21:11:25,173 - mi_logger - INFO - Variables de entorno establecidas con exito DB_NAME
2023-09-28 21:11:25,173 - mi_logger - INFO - Variables de entorno establecidas con exito DB_USER
2023-09-28 21:11:25,173 - mi_logger - INFO - Variables de entorno establecidas con exito DB_HOST
2023-09-28 21:11:26,840 - mi_logger - INFO - Conexión exitosa a la base de datos steamAnalytics en Cloud SQL.
2023-09-28 21:17:27,025 - mi_logger - INFO - Variables de entorno establecidas con exito DB_PASS
2023-09-28 21:17:27,025 - mi_logger - INFO - Variables de entorno establecidas con exito DB_NAME
2023-09-28 21:17:27,025 - mi_logger - INFO - Variables de entorno establecidas con exito DB_USER
2023-09-28 21:17:27,025 - mi_logger - INFO - Variables de entorno establecidas con exito DB_HOST
2023-09-28 21:17:28,644 - mi_logger - INFO - Conexión exitosa a la base de datos steamAnalytics en Cloud SQL.
2023-09-28 21:20:34,566 - mi_logger - INFO - Variables de entorno establecidas con exito DB_PASS
2023-09-28 21:20:34,566 - mi_logger - INFO - Variables de entorno establecidas con exito DB_NAME
2023-09-28 21:20:34,566 - mi_logger - INFO - Variables de entorno establecidas con exito DB_USER
2023-09-28 21:20:34,566 - mi_logger - INFO - Variables de entorno establecidas con exito DB_HOST
2023-09-28 21:20:36,252 - mi_logger - INFO - Conexión exitosa a la base de datos steamAnalytics en Cloud SQL.
2023-09-28 21:20:50,414 - mi_logger - INFO - Variables de entorno establecidas con exito DB_PASS
2023-09-28 21:20:50,414 - mi_logger - INFO - Variables de entorno establecidas con exito DB_NAME
2023-09-28 21:20:50,414 - mi_logger - INFO - Variables de entorno establecidas con exito DB_USER
2023-09-28 21:20:50,414 - mi_logger - INFO - Variables de entorno establecidas con exito DB_HOST
2023-09-28 21:20:52,064 - mi_logger - INFO - Conexión exitosa a la base de datos steamAnalytics en Cloud SQL.
2023-09-28 21:22:50,505 - mi_logger - INFO - Variables de entorno establecidas con exito DB_PASS
2023-09-28 21:22:50,505 - mi_logger - INFO - Variables de entorno establecidas con exito DB_NAME
2023-09-28 21:22:50,505 - mi_logger - INFO - Variables de entorno establecidas con exito DB_USER
2023-09-28 21:22:50,505 - mi_logger - INFO - Variables de entorno establecidas con exito DB_HOST
2023-09-28 21:22:52,139 - mi_logger - INFO - Conexión exitosa a la base de datos steamAnalytics en Cloud SQL.
2023-09-28 21:23:12,267 - mi_logger - INFO - Variables de entorno establecidas con exito DB_PASS
2023-09-28 21:23:12,267 - mi_logger - INFO - Variables de entorno establecidas con exito DB_NAME
2023-09-28 21:23:12,267 - mi_logger - INFO - Variables de entorno establecidas con exito DB_USER
2023-09-28 21:23:12,267 - mi_logger - INFO - Variables de entorno establecidas con exito DB_HOST
2023-09-28 21:23:13,926 - mi_logger - INFO - Conexión exitosa a la base de datos steamAnalytics en Cloud SQL.
2023-09-28 21:24:25,756 - mi_logger - INFO - Variables de entorno establecidas con exito DB_PASS
2023-09-28 21:24:25,756 - mi_logger - INFO - Variables de entorno establecidas con exito DB_NAME
2023-09-28 21:24:25,756 - mi_logger - INFO - Variables de entorno establecidas con exito DB_USER
2023-09-28 21:24:25,756 - mi_logger - INFO - Variables de entorno establecidas con exito DB_HOST
2023-09-28 21:24:27,372 - mi_logger - INFO - Conexión exitosa a la base de datos steamAnalytics en Cloud SQL.
2023-09-28 21:28:36,240 - mi_logger - INFO - Variables de entorno establecidas con exito DB_PASS
2023-09-28 21:28:36,240 - mi_logger - INFO - Variables de entorno establecidas con exito DB_NAME
2023-09-28 21:28:36,240 - mi_logger - INFO - Variables de entorno establecidas con exito DB_USER
2023-09-28 21:28:36,240 - mi_logger - INFO - Variables de entorno establecidas con exito DB_HOST
2023-09-28 21:28:37,910 - mi_logger - INFO - Conexión exitosa a la base de datos steamAnalytics en Cloud SQL.
2023-09-28 21:28:39,470 - mi_logger - INFO - Se cargaron los datos en el archivo CSV: <_io.TextIOWrapper name='/home/tomi/GCPSteamAnalytics/pipeline/include/dataset/games_details_2023-09-28.csv' mode='w' encoding='UTF-8'>
2023-09-28 21:28:48,640 - mi_logger - INFO - Variables de entorno establecidas con exito DB_PASS
2023-09-28 21:28:48,641 - mi_logger - INFO - Variables de entorno establecidas con exito DB_NAME
2023-09-28 21:28:48,641 - mi_logger - INFO - Variables de entorno establecidas con exito DB_USER
2023-09-28 21:28:48,641 - mi_logger - INFO - Variables de entorno establecidas con exito DB_HOST
2023-09-28 21:28:50,310 - mi_logger - INFO - Conexión exitosa a la base de datos steamAnalytics en Cloud SQL.
2023-09-28 21:28:51,870 - mi_logger - INFO - Se cargaron los datos en el archivo CSV: /home/tomi/GCPSteamAnalytics/pipeline/include/dataset/games_details_2023-09-28.csv
