[2023-10-18T20:27:32.540+0000] {taskinstance.py:1157} INFO - Dependencies all met for dep_context=non-requeueable deps ti=<TaskInstance: games_details.transform.dim_price_overview_run scheduled__2023-10-17T00:00:00+00:00 [queued]>
[2023-10-18T20:27:32.547+0000] {taskinstance.py:1157} INFO - Dependencies all met for dep_context=requeueable deps ti=<TaskInstance: games_details.transform.dim_price_overview_run scheduled__2023-10-17T00:00:00+00:00 [queued]>
[2023-10-18T20:27:32.548+0000] {taskinstance.py:1359} INFO - Starting attempt 1 of 1
[2023-10-18T20:27:32.559+0000] {taskinstance.py:1380} INFO - Executing <Task(DbtRunLocalOperator): transform.dim_price_overview_run> on 2023-10-17 00:00:00+00:00
[2023-10-18T20:27:32.567+0000] {standard_task_runner.py:57} INFO - Started process 1143 to run task
[2023-10-18T20:27:32.570+0000] {standard_task_runner.py:84} INFO - Running: ['***', 'tasks', 'run', 'games_details', 'transform.dim_price_overview_run', 'scheduled__2023-10-17T00:00:00+00:00', '--job-id', '566', '--raw', '--subdir', 'DAGS_FOLDER/data_pipeline.py', '--cfg-path', '/tmp/tmp2vm5t38m']
[2023-10-18T20:27:32.572+0000] {standard_task_runner.py:85} INFO - Job 566: Subtask transform.dim_price_overview_run
[2023-10-18T20:27:32.623+0000] {task_command.py:415} INFO - Running <TaskInstance: games_details.transform.dim_price_overview_run scheduled__2023-10-17T00:00:00+00:00 [running]> on host f991a33f9277
[2023-10-18T20:27:32.685+0000] {taskinstance.py:1660} INFO - Exporting env vars: AIRFLOW_CTX_DAG_OWNER='***' AIRFLOW_CTX_DAG_ID='games_details' AIRFLOW_CTX_TASK_ID='transform.dim_price_overview_run' AIRFLOW_CTX_EXECUTION_DATE='2023-10-17T00:00:00+00:00' AIRFLOW_CTX_TRY_NUMBER='1' AIRFLOW_CTX_DAG_RUN_ID='scheduled__2023-10-17T00:00:00+00:00'
[2023-10-18T20:27:32.687+0000] {log.py:232} WARNING - [[34m2023-10-18T20:27:32.687+0000[0m] {[34mlocal.py:[0m190} INFO[0m - [35m(astronomer-cosmos)[0m - Cloning project to writable temp directory /tmp/tmpet0uke45 from /opt/***/includes/dbt[0m
[2023-10-18T20:27:32.687+0000] {local.py:190} INFO - Cloning project to writable temp directory /tmp/tmpet0uke45 from /opt/airflow/includes/dbt
[2023-10-18T20:27:32.802+0000] {log.py:232} WARNING - [[34m2023-10-18T20:27:32.802+0000[0m] {[34mconfig.py:[0m168} INFO[0m - [35m(astronomer-cosmos)[0m - Using user-supplied profiles.yml at /opt/***/includes/dbt/profiles.yml[0m
[2023-10-18T20:27:32.802+0000] {config.py:168} INFO - Using user-supplied profiles.yml at /opt/airflow/includes/dbt/profiles.yml
[2023-10-18T20:27:32.802+0000] {log.py:232} WARNING - [[34m2023-10-18T20:27:32.802+0000[0m] {[34mlocal.py:[0m222} INFO[0m - [35m(astronomer-cosmos)[0m - Trying to run the command:
 ['/home/***/.local/bin/dbt', 'run', '--models', 'dim_price_overview', '--profiles-dir', '/opt/***/includes/dbt', '--profile', 'games', '--target', 'dev']
From /tmp/tmpet0uke45/dbt_project[0m
[2023-10-18T20:27:32.802+0000] {local.py:222} INFO - Trying to run the command:
 ['/home/***/.local/bin/dbt', 'run', '--models', 'dim_price_overview', '--profiles-dir', '/opt/***/includes/dbt', '--profile', 'games', '--target', 'dev']
From /tmp/tmpet0uke45/dbt_project
[2023-10-18T20:27:32.803+0000] {log.py:232} WARNING - [[34m2023-10-18T20:27:32.803+0000[0m] {[34mlocal.py:[0m223} INFO[0m - [35m(astronomer-cosmos)[0m - Using environment variables keys: dict_keys(['AIRFLOW_CTX_DAG_OWNER', 'AIRFLOW_CTX_DAG_ID', 'AIRFLOW_CTX_TASK_ID', 'AIRFLOW_CTX_EXECUTION_DATE', 'AIRFLOW_CTX_TRY_NUMBER', 'AIRFLOW_CTX_DAG_RUN_ID'])[0m
[2023-10-18T20:27:32.803+0000] {local.py:223} INFO - Using environment variables keys: dict_keys(['AIRFLOW_CTX_DAG_OWNER', 'AIRFLOW_CTX_DAG_ID', 'AIRFLOW_CTX_TASK_ID', 'AIRFLOW_CTX_EXECUTION_DATE', 'AIRFLOW_CTX_TRY_NUMBER', 'AIRFLOW_CTX_DAG_RUN_ID'])
[2023-10-18T20:27:32.803+0000] {log.py:232} WARNING - [[34m2023-10-18T20:27:32.803+0000[0m] {[34msubprocess.py:[0m60} INFO[0m - [35m(astronomer-cosmos)[0m - Tmp dir root location: 
 /tmp[0m
[2023-10-18T20:27:32.803+0000] {subprocess.py:60} INFO - Tmp dir root location: 
 /tmp
[2023-10-18T20:27:32.803+0000] {log.py:232} WARNING - [[34m2023-10-18T20:27:32.803+0000[0m] {[34msubprocess.py:[0m73} INFO[0m - [35m(astronomer-cosmos)[0m - Running command: ['/home/***/.local/bin/dbt', 'run', '--models', 'dim_price_overview', '--profiles-dir', '/opt/***/includes/dbt', '--profile', 'games', '--target', 'dev'][0m
[2023-10-18T20:27:32.803+0000] {subprocess.py:73} INFO - Running command: ['/home/***/.local/bin/dbt', 'run', '--models', 'dim_price_overview', '--profiles-dir', '/opt/***/includes/dbt', '--profile', 'games', '--target', 'dev']
[2023-10-18T20:27:32.819+0000] {log.py:232} WARNING - [[34m2023-10-18T20:27:32.818+0000[0m] {[34msubprocess.py:[0m84} INFO[0m - [35m(astronomer-cosmos)[0m - Command output:[0m
[2023-10-18T20:27:32.818+0000] {subprocess.py:84} INFO - Command output:
[2023-10-18T20:27:35.502+0000] {log.py:232} WARNING - [[34m2023-10-18T20:27:35.501+0000[0m] {[34msubprocess.py:[0m94} INFO[0m - [35m(astronomer-cosmos)[0m - [0m20:27:35  Running with dbt=1.6.6[0m
[2023-10-18T20:27:35.501+0000] {subprocess.py:94} INFO - [0m20:27:35  Running with dbt=1.6.6
[2023-10-18T20:27:36.338+0000] {log.py:232} WARNING - [[34m2023-10-18T20:27:36.338+0000[0m] {[34msubprocess.py:[0m94} INFO[0m - [35m(astronomer-cosmos)[0m - [0m20:27:36  Registered adapter: bigquery=1.6.7[0m
[2023-10-18T20:27:36.338+0000] {subprocess.py:94} INFO - [0m20:27:36  Registered adapter: bigquery=1.6.7
[2023-10-18T20:27:36.370+0000] {log.py:232} WARNING - [[34m2023-10-18T20:27:36.369+0000[0m] {[34msubprocess.py:[0m94} INFO[0m - [35m(astronomer-cosmos)[0m - [0m20:27:36  Unable to do partial parsing because of a version mismatch[0m
[2023-10-18T20:27:36.369+0000] {subprocess.py:94} INFO - [0m20:27:36  Unable to do partial parsing because of a version mismatch
[2023-10-18T20:27:37.642+0000] {log.py:232} WARNING - [[34m2023-10-18T20:27:37.642+0000[0m] {[34msubprocess.py:[0m94} INFO[0m - [35m(astronomer-cosmos)[0m - [0m20:27:37  Found 11 models, 1 source, 0 exposures, 0 metrics, 508 macros, 0 groups, 0 semantic models[0m
[2023-10-18T20:27:37.642+0000] {subprocess.py:94} INFO - [0m20:27:37  Found 11 models, 1 source, 0 exposures, 0 metrics, 508 macros, 0 groups, 0 semantic models
[2023-10-18T20:27:37.644+0000] {log.py:232} WARNING - [[34m2023-10-18T20:27:37.643+0000[0m] {[34msubprocess.py:[0m94} INFO[0m - [35m(astronomer-cosmos)[0m - [0m20:27:37[0m
[2023-10-18T20:27:37.643+0000] {subprocess.py:94} INFO - [0m20:27:37
[2023-10-18T20:27:38.857+0000] {log.py:232} WARNING - [[34m2023-10-18T20:27:38.857+0000[0m] {[34msubprocess.py:[0m94} INFO[0m - [35m(astronomer-cosmos)[0m - [0m20:27:38  Concurrency: 1 threads (target='dev')[0m
[2023-10-18T20:27:38.857+0000] {subprocess.py:94} INFO - [0m20:27:38  Concurrency: 1 threads (target='dev')
[2023-10-18T20:27:38.858+0000] {log.py:232} WARNING - [[34m2023-10-18T20:27:38.858+0000[0m] {[34msubprocess.py:[0m94} INFO[0m - [35m(astronomer-cosmos)[0m - [0m20:27:38[0m
[2023-10-18T20:27:38.858+0000] {subprocess.py:94} INFO - [0m20:27:38
[2023-10-18T20:27:38.865+0000] {log.py:232} WARNING - [[34m2023-10-18T20:27:38.865+0000[0m] {[34msubprocess.py:[0m94} INFO[0m - [35m(astronomer-cosmos)[0m - [0m20:27:38  1 of 1 START sql table model games.dim_price_overview .......................... [RUN][0m
[2023-10-18T20:27:38.865+0000] {subprocess.py:94} INFO - [0m20:27:38  1 of 1 START sql table model games.dim_price_overview .......................... [RUN]
[2023-10-18T20:27:42.959+0000] {log.py:232} WARNING - [[34m2023-10-18T20:27:42.959+0000[0m] {[34msubprocess.py:[0m94} INFO[0m - [35m(astronomer-cosmos)[0m - [0m20:27:42  1 of 1 OK created sql table model games.dim_price_overview ..................... [[32mCREATE TABLE (296.0 rows, 26.9 KiB processed)[0m in 4.09s][0m
[2023-10-18T20:27:42.959+0000] {subprocess.py:94} INFO - [0m20:27:42  1 of 1 OK created sql table model games.dim_price_overview ..................... [[32mCREATE TABLE (296.0 rows, 26.9 KiB processed)[0m in 4.09s]
[2023-10-18T20:27:42.961+0000] {log.py:232} WARNING - [[34m2023-10-18T20:27:42.961+0000[0m] {[34msubprocess.py:[0m94} INFO[0m - [35m(astronomer-cosmos)[0m - [0m20:27:42[0m
[2023-10-18T20:27:42.961+0000] {subprocess.py:94} INFO - [0m20:27:42
[2023-10-18T20:27:42.961+0000] {log.py:232} WARNING - [[34m2023-10-18T20:27:42.961+0000[0m] {[34msubprocess.py:[0m94} INFO[0m - [35m(astronomer-cosmos)[0m - [0m20:27:42  Finished running 1 table model in 0 hours 0 minutes and 5.32 seconds (5.32s).[0m
[2023-10-18T20:27:42.961+0000] {subprocess.py:94} INFO - [0m20:27:42  Finished running 1 table model in 0 hours 0 minutes and 5.32 seconds (5.32s).
[2023-10-18T20:27:42.978+0000] {log.py:232} WARNING - [[34m2023-10-18T20:27:42.977+0000[0m] {[34msubprocess.py:[0m94} INFO[0m - [35m(astronomer-cosmos)[0m - [0m20:27:42[0m
[2023-10-18T20:27:42.977+0000] {subprocess.py:94} INFO - [0m20:27:42
[2023-10-18T20:27:42.978+0000] {log.py:232} WARNING - [[34m2023-10-18T20:27:42.978+0000[0m] {[34msubprocess.py:[0m94} INFO[0m - [35m(astronomer-cosmos)[0m - [0m20:27:42  [32mCompleted successfully[0m[0m
[2023-10-18T20:27:42.978+0000] {subprocess.py:94} INFO - [0m20:27:42  [32mCompleted successfully[0m
[2023-10-18T20:27:42.978+0000] {log.py:232} WARNING - [[34m2023-10-18T20:27:42.978+0000[0m] {[34msubprocess.py:[0m94} INFO[0m - [35m(astronomer-cosmos)[0m - [0m20:27:42[0m
[2023-10-18T20:27:42.978+0000] {subprocess.py:94} INFO - [0m20:27:42
[2023-10-18T20:27:42.978+0000] {log.py:232} WARNING - [[34m2023-10-18T20:27:42.978+0000[0m] {[34msubprocess.py:[0m94} INFO[0m - [35m(astronomer-cosmos)[0m - [0m20:27:42  Done. PASS=1 WARN=0 ERROR=0 SKIP=0 TOTAL=1[0m
[2023-10-18T20:27:42.978+0000] {subprocess.py:94} INFO - [0m20:27:42  Done. PASS=1 WARN=0 ERROR=0 SKIP=0 TOTAL=1
[2023-10-18T20:27:43.904+0000] {log.py:232} WARNING - [[34m2023-10-18T20:27:43.904+0000[0m] {[34msubprocess.py:[0m98} INFO[0m - [35m(astronomer-cosmos)[0m - Command exited with return code 0[0m
[2023-10-18T20:27:43.904+0000] {subprocess.py:98} INFO - Command exited with return code 0
[2023-10-18T20:27:43.912+0000] {local.py:86} WARNING - Artifact schema version: https://schemas.getdbt.com/dbt/manifest/v10.json is above dbt-ol supported version 7. This might cause errors.
[2023-10-18T20:27:43.918+0000] {log.py:232} WARNING - [[34m2023-10-18T20:27:43.917+0000[0m] {[34mlocal.py:[0m239} INFO[0m - [35m(astronomer-cosmos)[0m - Inlets: [Dataset(uri='bigquery/pristine-flames-400818.games.raw_games', extra=None)][0m
[2023-10-18T20:27:43.917+0000] {local.py:239} INFO - Inlets: [Dataset(uri='bigquery/pristine-flames-400818.games.raw_games', extra=None)]
[2023-10-18T20:27:43.918+0000] {log.py:232} WARNING - [[34m2023-10-18T20:27:43.918+0000[0m] {[34mlocal.py:[0m240} INFO[0m - [35m(astronomer-cosmos)[0m - Outlets: [Dataset(uri='bigquery/pristine-flames-400818.games.dim_price_overview', extra=None)][0m
[2023-10-18T20:27:43.918+0000] {local.py:240} INFO - Outlets: [Dataset(uri='bigquery/pristine-flames-400818.games.dim_price_overview', extra=None)]
[2023-10-18T20:27:43.918+0000] {dag.py:2915} INFO - Sync 1 DAGs
[2023-10-18T20:27:43.939+0000] {dag.py:3696} INFO - Setting next_dagrun for games_details to 2023-10-18T00:00:00+00:00, run_after=2023-10-19T00:00:00+00:00
[2023-10-18T20:27:43.972+0000] {log.py:232} WARNING - [[34m2023-10-18T20:27:43.972+0000[0m] {[34mlocal.py:[0m358} INFO[0m - [35m(astronomer-cosmos)[0m - [0m20:27:42  Done. PASS=1 WARN=0 ERROR=0 SKIP=0 TOTAL=1[0m
[2023-10-18T20:27:43.972+0000] {local.py:358} INFO - [0m20:27:42  Done. PASS=1 WARN=0 ERROR=0 SKIP=0 TOTAL=1
[2023-10-18T20:27:43.973+0000] {warnings.py:109} WARNING - /home/***/.local/lib/python3.8/site-packages/***/models/baseoperator.py:1473: RemovedInAirflow3Warning: Passing 'execution_date' to 'TaskInstance.xcom_push()' is deprecated.
  context["ti"].xcom_push(key=key, value=value, execution_date=execution_date)

[2023-10-18T20:27:44.000+0000] {taskinstance.py:1398} INFO - Marking task as SUCCESS. dag_id=games_details, task_id=transform.dim_price_overview_run, execution_date=20231017T000000, start_date=20231018T202732, end_date=20231018T202744
[2023-10-18T20:27:44.049+0000] {local_task_job_runner.py:228} INFO - Task exited with return code 0
[2023-10-18T20:27:44.064+0000] {taskinstance.py:2776} INFO - 0 downstream tasks scheduled from follow-on schedule check
