[2023-10-17T20:31:10.999+0000] {taskinstance.py:1157} INFO - Dependencies all met for dep_context=non-requeueable deps ti=<TaskInstance: games_details.extract_data scheduled__2023-10-16T00:00:00+00:00 [queued]>
[2023-10-17T20:31:11.006+0000] {taskinstance.py:1157} INFO - Dependencies all met for dep_context=requeueable deps ti=<TaskInstance: games_details.extract_data scheduled__2023-10-16T00:00:00+00:00 [queued]>
[2023-10-17T20:31:11.006+0000] {taskinstance.py:1359} INFO - Starting attempt 6 of 6
[2023-10-17T20:31:11.018+0000] {taskinstance.py:1380} INFO - Executing <Task(PythonOperator): extract_data> on 2023-10-16 00:00:00+00:00
[2023-10-17T20:31:11.023+0000] {standard_task_runner.py:57} INFO - Started process 192 to run task
[2023-10-17T20:31:11.029+0000] {standard_task_runner.py:84} INFO - Running: ['***', 'tasks', 'run', 'games_details', 'extract_data', 'scheduled__2023-10-16T00:00:00+00:00', '--job-id', '522', '--raw', '--subdir', 'DAGS_FOLDER/data_pipeline.py', '--cfg-path', '/tmp/tmpc16jxpp1']
[2023-10-17T20:31:11.031+0000] {standard_task_runner.py:85} INFO - Job 522: Subtask extract_data
[2023-10-17T20:31:11.069+0000] {task_command.py:415} INFO - Running <TaskInstance: games_details.extract_data scheduled__2023-10-16T00:00:00+00:00 [running]> on host df3af04ab639
[2023-10-17T20:31:11.181+0000] {taskinstance.py:1660} INFO - Exporting env vars: AIRFLOW_CTX_DAG_OWNER='***' AIRFLOW_CTX_DAG_ID='games_details' AIRFLOW_CTX_TASK_ID='extract_data' AIRFLOW_CTX_EXECUTION_DATE='2023-10-16T00:00:00+00:00' AIRFLOW_CTX_TRY_NUMBER='6' AIRFLOW_CTX_DAG_RUN_ID='scheduled__2023-10-16T00:00:00+00:00'
[2023-10-17T20:31:11.182+0000] {log.py:232} WARNING - 2023-10-17 20:31:11,182 - mi_logger - INFO - Variables de entorno establecidas con exito DB_PASS
[2023-10-17T20:31:11.183+0000] {log.py:232} WARNING - 2023-10-17 20:31:11,182 - mi_logger - INFO - Variables de entorno establecidas con exito DB_PASS
[2023-10-17T20:31:11.182+0000] {configs.py:39} INFO - Variables de entorno establecidas con exito DB_PASS
[2023-10-17T20:31:11.183+0000] {log.py:232} WARNING - 2023-10-17 20:31:11,183 - mi_logger - INFO - Variables de entorno establecidas con exito DB_NAME
[2023-10-17T20:31:11.184+0000] {log.py:232} WARNING - 2023-10-17 20:31:11,183 - mi_logger - INFO - Variables de entorno establecidas con exito DB_NAME
[2023-10-17T20:31:11.183+0000] {configs.py:39} INFO - Variables de entorno establecidas con exito DB_NAME
[2023-10-17T20:31:11.184+0000] {log.py:232} WARNING - 2023-10-17 20:31:11,184 - mi_logger - INFO - Variables de entorno establecidas con exito DB_USER
[2023-10-17T20:31:11.185+0000] {log.py:232} WARNING - 2023-10-17 20:31:11,184 - mi_logger - INFO - Variables de entorno establecidas con exito DB_USER
[2023-10-17T20:31:11.184+0000] {configs.py:39} INFO - Variables de entorno establecidas con exito DB_USER
[2023-10-17T20:31:11.185+0000] {log.py:232} WARNING - 2023-10-17 20:31:11,185 - mi_logger - INFO - Variables de entorno establecidas con exito DB_HOST
[2023-10-17T20:31:11.185+0000] {log.py:232} WARNING - 2023-10-17 20:31:11,185 - mi_logger - INFO - Variables de entorno establecidas con exito DB_HOST
[2023-10-17T20:31:11.185+0000] {configs.py:39} INFO - Variables de entorno establecidas con exito DB_HOST
[2023-10-17T20:31:11.186+0000] {log.py:232} WARNING - 2023-10-17 20:31:11,186 - mi_logger - INFO - Variables de entorno establecidas con exito DB_PORT
[2023-10-17T20:31:11.186+0000] {log.py:232} WARNING - 2023-10-17 20:31:11,186 - mi_logger - INFO - Variables de entorno establecidas con exito DB_PORT
[2023-10-17T20:31:11.186+0000] {configs.py:39} INFO - Variables de entorno establecidas con exito DB_PORT
[2023-10-17T20:31:11.187+0000] {log.py:232} WARNING - 2023-10-17 20:31:11,187 - mi_logger - INFO - Error al extraer datos: port should be of type int
[2023-10-17T20:31:11.187+0000] {log.py:232} WARNING - 2023-10-17 20:31:11,187 - mi_logger - INFO - Error al extraer datos: port should be of type int
[2023-10-17T20:31:11.187+0000] {extract_data.py:24} INFO - Error al extraer datos: port should be of type int
[2023-10-17T20:31:11.208+0000] {python.py:194} INFO - Done. Returned value was: None
[2023-10-17T20:31:11.217+0000] {taskinstance.py:1398} INFO - Marking task as SUCCESS. dag_id=games_details, task_id=extract_data, execution_date=20231016T000000, start_date=20231017T203111, end_date=20231017T203111
[2023-10-17T20:31:11.238+0000] {local_task_job_runner.py:228} INFO - Task exited with return code 0
[2023-10-17T20:31:11.266+0000] {taskinstance.py:2776} INFO - 1 downstream tasks scheduled from follow-on schedule check
