[2023-10-17T20:33:44.034+0000] {taskinstance.py:1157} INFO - Dependencies all met for dep_context=non-requeueable deps ti=<TaskInstance: games_details.extract_data scheduled__2023-10-16T00:00:00+00:00 [queued]>
[2023-10-17T20:33:44.057+0000] {taskinstance.py:1157} INFO - Dependencies all met for dep_context=requeueable deps ti=<TaskInstance: games_details.extract_data scheduled__2023-10-16T00:00:00+00:00 [queued]>
[2023-10-17T20:33:44.058+0000] {taskinstance.py:1359} INFO - Starting attempt 7 of 7
[2023-10-17T20:33:44.068+0000] {taskinstance.py:1380} INFO - Executing <Task(PythonOperator): extract_data> on 2023-10-16 00:00:00+00:00
[2023-10-17T20:33:44.073+0000] {standard_task_runner.py:57} INFO - Started process 373 to run task
[2023-10-17T20:33:44.077+0000] {standard_task_runner.py:84} INFO - Running: ['***', 'tasks', 'run', 'games_details', 'extract_data', 'scheduled__2023-10-16T00:00:00+00:00', '--job-id', '527', '--raw', '--subdir', 'DAGS_FOLDER/data_pipeline.py', '--cfg-path', '/tmp/tmpiknjyl_2']
[2023-10-17T20:33:44.080+0000] {standard_task_runner.py:85} INFO - Job 527: Subtask extract_data
[2023-10-17T20:33:44.116+0000] {task_command.py:415} INFO - Running <TaskInstance: games_details.extract_data scheduled__2023-10-16T00:00:00+00:00 [running]> on host df3af04ab639
[2023-10-17T20:33:44.190+0000] {taskinstance.py:1660} INFO - Exporting env vars: AIRFLOW_CTX_DAG_OWNER='***' AIRFLOW_CTX_DAG_ID='games_details' AIRFLOW_CTX_TASK_ID='extract_data' AIRFLOW_CTX_EXECUTION_DATE='2023-10-16T00:00:00+00:00' AIRFLOW_CTX_TRY_NUMBER='7' AIRFLOW_CTX_DAG_RUN_ID='scheduled__2023-10-16T00:00:00+00:00'
[2023-10-17T20:33:44.192+0000] {log.py:232} WARNING - 2023-10-17 20:33:44,192 - mi_logger - INFO - Variables de entorno establecidas con exito DB_PASS
[2023-10-17T20:33:44.192+0000] {log.py:232} WARNING - 2023-10-17 20:33:44,192 - mi_logger - INFO - Variables de entorno establecidas con exito DB_PASS
[2023-10-17T20:33:44.192+0000] {configs.py:38} INFO - Variables de entorno establecidas con exito DB_PASS
[2023-10-17T20:33:44.193+0000] {log.py:232} WARNING - 2023-10-17 20:33:44,193 - mi_logger - INFO - Variables de entorno establecidas con exito DB_NAME
[2023-10-17T20:33:44.193+0000] {log.py:232} WARNING - 2023-10-17 20:33:44,193 - mi_logger - INFO - Variables de entorno establecidas con exito DB_NAME
[2023-10-17T20:33:44.193+0000] {configs.py:38} INFO - Variables de entorno establecidas con exito DB_NAME
[2023-10-17T20:33:44.194+0000] {log.py:232} WARNING - 2023-10-17 20:33:44,194 - mi_logger - INFO - Variables de entorno establecidas con exito DB_USER
[2023-10-17T20:33:44.194+0000] {log.py:232} WARNING - 2023-10-17 20:33:44,194 - mi_logger - INFO - Variables de entorno establecidas con exito DB_USER
[2023-10-17T20:33:44.194+0000] {configs.py:38} INFO - Variables de entorno establecidas con exito DB_USER
[2023-10-17T20:33:44.194+0000] {log.py:232} WARNING - 2023-10-17 20:33:44,194 - mi_logger - INFO - Variables de entorno establecidas con exito DB_HOST
[2023-10-17T20:33:44.195+0000] {log.py:232} WARNING - 2023-10-17 20:33:44,194 - mi_logger - INFO - Variables de entorno establecidas con exito DB_HOST
[2023-10-17T20:33:44.194+0000] {configs.py:38} INFO - Variables de entorno establecidas con exito DB_HOST
[2023-10-17T20:33:44.201+0000] {log.py:232} WARNING - 2023-10-17 20:33:44,201 - mi_logger - INFO - Conexión exitosa a la base de datos steamAnalytics.
[2023-10-17T20:33:44.202+0000] {log.py:232} WARNING - 2023-10-17 20:33:44,201 - mi_logger - INFO - Conexión exitosa a la base de datos steamAnalytics.
[2023-10-17T20:33:44.201+0000] {cloudsql_connection.py:31} INFO - Conexión exitosa a la base de datos steamAnalytics.
[2023-10-17T20:33:44.241+0000] {python.py:194} INFO - Done. Returned value was: None
[2023-10-17T20:33:44.255+0000] {taskinstance.py:1398} INFO - Marking task as SUCCESS. dag_id=games_details, task_id=extract_data, execution_date=20231016T000000, start_date=20231017T203344, end_date=20231017T203344
[2023-10-17T20:33:44.289+0000] {local_task_job_runner.py:228} INFO - Task exited with return code 0
[2023-10-17T20:33:44.334+0000] {taskinstance.py:2776} INFO - 1 downstream tasks scheduled from follow-on schedule check
