[2023-10-18T20:21:49.085+0000] {taskinstance.py:1157} INFO - Dependencies all met for dep_context=non-requeueable deps ti=<TaskInstance: games_details.extract_data scheduled__2023-10-17T00:00:00+00:00 [queued]>
[2023-10-18T20:21:49.091+0000] {taskinstance.py:1157} INFO - Dependencies all met for dep_context=requeueable deps ti=<TaskInstance: games_details.extract_data scheduled__2023-10-17T00:00:00+00:00 [queued]>
[2023-10-18T20:21:49.091+0000] {taskinstance.py:1359} INFO - Starting attempt 2 of 2
[2023-10-18T20:21:49.101+0000] {taskinstance.py:1380} INFO - Executing <Task(PythonOperator): extract_data> on 2023-10-17 00:00:00+00:00
[2023-10-18T20:21:49.107+0000] {standard_task_runner.py:57} INFO - Started process 466 to run task
[2023-10-18T20:21:49.110+0000] {standard_task_runner.py:84} INFO - Running: ['***', 'tasks', 'run', 'games_details', 'extract_data', 'scheduled__2023-10-17T00:00:00+00:00', '--job-id', '560', '--raw', '--subdir', 'DAGS_FOLDER/data_pipeline.py', '--cfg-path', '/tmp/tmp004gabxu']
[2023-10-18T20:21:49.112+0000] {standard_task_runner.py:85} INFO - Job 560: Subtask extract_data
[2023-10-18T20:21:49.146+0000] {task_command.py:415} INFO - Running <TaskInstance: games_details.extract_data scheduled__2023-10-17T00:00:00+00:00 [running]> on host f991a33f9277
[2023-10-18T20:21:49.208+0000] {taskinstance.py:1660} INFO - Exporting env vars: AIRFLOW_CTX_DAG_OWNER='***' AIRFLOW_CTX_DAG_ID='games_details' AIRFLOW_CTX_TASK_ID='extract_data' AIRFLOW_CTX_EXECUTION_DATE='2023-10-17T00:00:00+00:00' AIRFLOW_CTX_TRY_NUMBER='2' AIRFLOW_CTX_DAG_RUN_ID='scheduled__2023-10-17T00:00:00+00:00'
[2023-10-18T20:21:49.209+0000] {log.py:232} WARNING - 2023-10-18 20:21:49,209 - mi_logger - INFO - Variables de entorno establecidas con exito DB_PASS
[2023-10-18T20:21:49.209+0000] {log.py:232} WARNING - 2023-10-18 20:21:49,209 - mi_logger - INFO - Variables de entorno establecidas con exito DB_PASS
[2023-10-18T20:21:49.209+0000] {configs.py:38} INFO - Variables de entorno establecidas con exito DB_PASS
[2023-10-18T20:21:49.209+0000] {log.py:232} WARNING - 2023-10-18 20:21:49,209 - mi_logger - INFO - Variables de entorno establecidas con exito DB_NAME
[2023-10-18T20:21:49.209+0000] {log.py:232} WARNING - 2023-10-18 20:21:49,209 - mi_logger - INFO - Variables de entorno establecidas con exito DB_NAME
[2023-10-18T20:21:49.209+0000] {configs.py:38} INFO - Variables de entorno establecidas con exito DB_NAME
[2023-10-18T20:21:49.210+0000] {log.py:232} WARNING - 2023-10-18 20:21:49,210 - mi_logger - INFO - Variables de entorno establecidas con exito DB_USER
[2023-10-18T20:21:49.210+0000] {log.py:232} WARNING - 2023-10-18 20:21:49,210 - mi_logger - INFO - Variables de entorno establecidas con exito DB_USER
[2023-10-18T20:21:49.210+0000] {configs.py:38} INFO - Variables de entorno establecidas con exito DB_USER
[2023-10-18T20:21:49.210+0000] {log.py:232} WARNING - 2023-10-18 20:21:49,210 - mi_logger - INFO - Variables de entorno establecidas con exito DB_HOST
[2023-10-18T20:21:49.210+0000] {log.py:232} WARNING - 2023-10-18 20:21:49,210 - mi_logger - INFO - Variables de entorno establecidas con exito DB_HOST
[2023-10-18T20:21:49.210+0000] {configs.py:38} INFO - Variables de entorno establecidas con exito DB_HOST
[2023-10-18T20:21:49.214+0000] {log.py:232} WARNING - 2023-10-18 20:21:49,214 - mi_logger - INFO - Conexión exitosa a la base de datos steamAnalytics.
[2023-10-18T20:21:49.214+0000] {log.py:232} WARNING - 2023-10-18 20:21:49,214 - mi_logger - INFO - Conexión exitosa a la base de datos steamAnalytics.
[2023-10-18T20:21:49.214+0000] {cloudsql_connection.py:31} INFO - Conexión exitosa a la base de datos steamAnalytics.
[2023-10-18T20:21:49.276+0000] {python.py:194} INFO - Done. Returned value was: None
[2023-10-18T20:21:49.282+0000] {taskinstance.py:1398} INFO - Marking task as SUCCESS. dag_id=games_details, task_id=extract_data, execution_date=20231017T000000, start_date=20231018T202149, end_date=20231018T202149
[2023-10-18T20:21:49.321+0000] {local_task_job_runner.py:228} INFO - Task exited with return code 0
[2023-10-18T20:21:49.348+0000] {taskinstance.py:2776} INFO - 1 downstream tasks scheduled from follow-on schedule check
