[2023-10-18T21:44:02.560+0000] {taskinstance.py:1157} INFO - Dependencies all met for dep_context=non-requeueable deps ti=<TaskInstance: games_details.gcs_to_raw scheduled__2023-10-17T00:00:00+00:00 [queued]>
[2023-10-18T21:44:02.568+0000] {taskinstance.py:1157} INFO - Dependencies all met for dep_context=requeueable deps ti=<TaskInstance: games_details.gcs_to_raw scheduled__2023-10-17T00:00:00+00:00 [queued]>
[2023-10-18T21:44:02.568+0000] {taskinstance.py:1359} INFO - Starting attempt 4 of 4
[2023-10-18T21:44:02.579+0000] {taskinstance.py:1380} INFO - Executing <Task(LoadFileOperator): gcs_to_raw> on 2023-10-17 00:00:00+00:00
[2023-10-18T21:44:02.585+0000] {standard_task_runner.py:57} INFO - Started process 3055 to run task
[2023-10-18T21:44:02.588+0000] {standard_task_runner.py:84} INFO - Running: ['***', 'tasks', 'run', 'games_details', 'gcs_to_raw', 'scheduled__2023-10-17T00:00:00+00:00', '--job-id', '583', '--raw', '--subdir', 'DAGS_FOLDER/data_pipeline.py', '--cfg-path', '/tmp/tmp2w22639i']
[2023-10-18T21:44:02.590+0000] {standard_task_runner.py:85} INFO - Job 583: Subtask gcs_to_raw
[2023-10-18T21:44:02.740+0000] {task_command.py:415} INFO - Running <TaskInstance: games_details.gcs_to_raw scheduled__2023-10-17T00:00:00+00:00 [running]> on host f991a33f9277
[2023-10-18T21:44:02.807+0000] {taskinstance.py:1660} INFO - Exporting env vars: AIRFLOW_CTX_DAG_OWNER='***' AIRFLOW_CTX_DAG_ID='games_details' AIRFLOW_CTX_TASK_ID='gcs_to_raw' AIRFLOW_CTX_EXECUTION_DATE='2023-10-17T00:00:00+00:00' AIRFLOW_CTX_TRY_NUMBER='4' AIRFLOW_CTX_DAG_RUN_ID='scheduled__2023-10-17T00:00:00+00:00'
[2023-10-18T21:44:02.823+0000] {connection.py:232} WARNING - Connection schemes (type: google_cloud_platform) shall not contain '_' according to RFC3986.
[2023-10-18T21:44:02.827+0000] {base.py:73} INFO - Using connection ID 'gcp' for task execution.
[2023-10-18T21:44:02.844+0000] {load_file.py:134} INFO - Loading gs://steamanalytics/raw/games_details_2023-10-18.csv into BaseTable(name='raw_games', conn_id='gcp', metadata=Metadata(schema='games', database=None), columns=[], temp=False) ...
[2023-10-18T21:44:02.849+0000] {connection.py:232} WARNING - Connection schemes (type: google_cloud_platform) shall not contain '_' according to RFC3986.
[2023-10-18T21:44:02.850+0000] {base.py:73} INFO - Using connection ID 'gcp' for task execution.
[2023-10-18T21:44:02.888+0000] {connection.py:232} WARNING - Connection schemes (type: google_cloud_platform) shall not contain '_' according to RFC3986.
[2023-10-18T21:44:02.897+0000] {base.py:73} INFO - Using connection ID 'gcp' for task execution.
[2023-10-18T21:44:02.912+0000] {connection.py:232} WARNING - Connection schemes (type: google_cloud_platform) shall not contain '_' according to RFC3986.
[2023-10-18T21:44:02.919+0000] {base.py:73} INFO - Using connection ID 'gcp' for task execution.
[2023-10-18T21:44:03.613+0000] {bigquery.py:1094} INFO - Dataset Resource: Dataset(DatasetReference('pristine-flames-400818', 'games'))
[2023-10-18T21:44:03.618+0000] {connection.py:232} WARNING - Connection schemes (type: google_cloud_platform) shall not contain '_' according to RFC3986.
[2023-10-18T21:44:03.621+0000] {base.py:73} INFO - Using connection ID 'gcp' for task execution.
[2023-10-18T21:44:03.626+0000] {connection.py:232} WARNING - Connection schemes (type: google_cloud_platform) shall not contain '_' according to RFC3986.
[2023-10-18T21:44:03.627+0000] {base.py:73} INFO - Using connection ID 'gcp' for task execution.
[2023-10-18T21:44:03.634+0000] {connection.py:232} WARNING - Connection schemes (type: google_cloud_platform) shall not contain '_' according to RFC3986.
[2023-10-18T21:44:03.637+0000] {base.py:73} INFO - Using connection ID 'gcp' for task execution.
[2023-10-18T21:44:05.087+0000] {connection.py:232} WARNING - Connection schemes (type: google_cloud_platform) shall not contain '_' according to RFC3986.
[2023-10-18T21:44:05.088+0000] {base.py:73} INFO - Using connection ID 'gcp' for task execution.
[2023-10-18T21:44:05.093+0000] {connection.py:232} WARNING - Connection schemes (type: google_cloud_platform) shall not contain '_' according to RFC3986.
[2023-10-18T21:44:05.094+0000] {base.py:73} INFO - Using connection ID 'gcp' for task execution.
[2023-10-18T21:44:05.519+0000] {connection.py:232} WARNING - Connection schemes (type: google_cloud_platform) shall not contain '_' according to RFC3986.
[2023-10-18T21:44:05.520+0000] {base.py:73} INFO - Using connection ID 'gcp' for task execution.
[2023-10-18T21:44:05.527+0000] {connection.py:232} WARNING - Connection schemes (type: google_cloud_platform) shall not contain '_' according to RFC3986.
[2023-10-18T21:44:05.532+0000] {base.py:73} INFO - Using connection ID 'gcp' for task execution.
[2023-10-18T21:44:05.537+0000] {connection.py:232} WARNING - Connection schemes (type: google_cloud_platform) shall not contain '_' according to RFC3986.
[2023-10-18T21:44:05.538+0000] {base.py:73} INFO - Using connection ID 'gcp' for task execution.
[2023-10-18T21:44:09.717+0000] {base.py:573} INFO - Loading file(s) with Pandas...
[2023-10-18T21:44:09.721+0000] {connection.py:232} WARNING - Connection schemes (type: google_cloud_platform) shall not contain '_' according to RFC3986.
[2023-10-18T21:44:09.722+0000] {base.py:73} INFO - Using connection ID 'gcp' for task execution.
[2023-10-18T21:44:09.727+0000] {connection.py:232} WARNING - Connection schemes (type: google_cloud_platform) shall not contain '_' according to RFC3986.
[2023-10-18T21:44:09.728+0000] {base.py:73} INFO - Using connection ID 'gcp' for task execution.
[2023-10-18T21:44:10.140+0000] {connection.py:232} WARNING - Connection schemes (type: google_cloud_platform) shall not contain '_' according to RFC3986.
[2023-10-18T21:44:10.141+0000] {base.py:73} INFO - Using connection ID 'gcp' for task execution.
[2023-10-18T21:44:10.146+0000] {connection.py:232} WARNING - Connection schemes (type: google_cloud_platform) shall not contain '_' according to RFC3986.
[2023-10-18T21:44:10.147+0000] {base.py:73} INFO - Using connection ID 'gcp' for task execution.
[2023-10-18T21:44:10.151+0000] {connection.py:232} WARNING - Connection schemes (type: google_cloud_platform) shall not contain '_' according to RFC3986.
[2023-10-18T21:44:10.152+0000] {base.py:73} INFO - Using connection ID 'gcp' for task execution.
[2023-10-18T21:44:18.408+0000] {gbq.py:616} INFO - 733 out of 733 rows loaded.
[2023-10-18T21:44:18.408+0000] {load_file.py:168} INFO - Completed loading the data into BaseTable(name='raw_games', conn_id='gcp', metadata=Metadata(schema='games', database=None), columns=[], temp=False).
[2023-10-18T21:44:18.421+0000] {warnings.py:109} WARNING - /home/***/.local/lib/python3.8/site-packages/***/models/baseoperator.py:1473: RemovedInAirflow3Warning: Passing 'execution_date' to 'TaskInstance.xcom_push()' is deprecated.
  context["ti"].xcom_push(key=key, value=value, execution_date=execution_date)

[2023-10-18T21:44:18.438+0000] {taskinstance.py:1398} INFO - Marking task as SUCCESS. dag_id=games_details, task_id=gcs_to_raw, execution_date=20231017T000000, start_date=20231018T214402, end_date=20231018T214418
[2023-10-18T21:44:18.465+0000] {local_task_job_runner.py:228} INFO - Task exited with return code 0
[2023-10-18T21:44:18.491+0000] {taskinstance.py:2776} INFO - 1 downstream tasks scheduled from follow-on schedule check
