[2023-10-17T21:37:58.969+0000] {taskinstance.py:1157} INFO - Dependencies all met for dep_context=non-requeueable deps ti=<TaskInstance: games_details.transform.dim_price_overview_run scheduled__2023-10-16T00:00:00+00:00 [queued]>
[2023-10-17T21:37:58.983+0000] {taskinstance.py:1157} INFO - Dependencies all met for dep_context=requeueable deps ti=<TaskInstance: games_details.transform.dim_price_overview_run scheduled__2023-10-16T00:00:00+00:00 [queued]>
[2023-10-17T21:37:58.984+0000] {taskinstance.py:1359} INFO - Starting attempt 1 of 1
[2023-10-17T21:37:58.994+0000] {taskinstance.py:1380} INFO - Executing <Task(DbtRunLocalOperator): transform.dim_price_overview_run> on 2023-10-16 00:00:00+00:00
[2023-10-17T21:37:58.999+0000] {standard_task_runner.py:57} INFO - Started process 632 to run task
[2023-10-17T21:37:59.002+0000] {standard_task_runner.py:84} INFO - Running: ['***', 'tasks', 'run', 'games_details', 'transform.dim_price_overview_run', 'scheduled__2023-10-16T00:00:00+00:00', '--job-id', '535', '--raw', '--subdir', 'DAGS_FOLDER/data_pipeline.py', '--cfg-path', '/tmp/tmp42fvcxdt']
[2023-10-17T21:37:59.004+0000] {standard_task_runner.py:85} INFO - Job 535: Subtask transform.dim_price_overview_run
[2023-10-17T21:37:59.040+0000] {task_command.py:415} INFO - Running <TaskInstance: games_details.transform.dim_price_overview_run scheduled__2023-10-16T00:00:00+00:00 [running]> on host 3c47de805a7a
[2023-10-17T21:37:59.100+0000] {taskinstance.py:1660} INFO - Exporting env vars: AIRFLOW_CTX_DAG_OWNER='***' AIRFLOW_CTX_DAG_ID='games_details' AIRFLOW_CTX_TASK_ID='transform.dim_price_overview_run' AIRFLOW_CTX_EXECUTION_DATE='2023-10-16T00:00:00+00:00' AIRFLOW_CTX_TRY_NUMBER='1' AIRFLOW_CTX_DAG_RUN_ID='scheduled__2023-10-16T00:00:00+00:00'
[2023-10-17T21:37:59.101+0000] {log.py:232} WARNING - [[34m2023-10-17T21:37:59.101+0000[0m] {[34mlocal.py:[0m190} INFO[0m - [35m(astronomer-cosmos)[0m - Cloning project to writable temp directory /tmp/tmprt1yp1bs from /opt/***/includes/dbt[0m
[2023-10-17T21:37:59.101+0000] {local.py:190} INFO - Cloning project to writable temp directory /tmp/tmprt1yp1bs from /opt/airflow/includes/dbt
[2023-10-17T21:37:59.364+0000] {log.py:232} WARNING - [[34m2023-10-17T21:37:59.364+0000[0m] {[34mconfig.py:[0m168} INFO[0m - [35m(astronomer-cosmos)[0m - Using user-supplied profiles.yml at /opt/***/includes/dbt/profiles.yml[0m
[2023-10-17T21:37:59.364+0000] {config.py:168} INFO - Using user-supplied profiles.yml at /opt/airflow/includes/dbt/profiles.yml
[2023-10-17T21:37:59.366+0000] {log.py:232} WARNING - [[34m2023-10-17T21:37:59.366+0000[0m] {[34mlocal.py:[0m222} INFO[0m - [35m(astronomer-cosmos)[0m - Trying to run the command:
 ['/home/***/.local/bin/dbt', 'run', '--models', 'dim_price_overview', '--profiles-dir', '/opt/***/includes/dbt', '--profile', 'games', '--target', 'dev']
From /tmp/tmprt1yp1bs/dbt_project[0m
[2023-10-17T21:37:59.366+0000] {local.py:222} INFO - Trying to run the command:
 ['/home/***/.local/bin/dbt', 'run', '--models', 'dim_price_overview', '--profiles-dir', '/opt/***/includes/dbt', '--profile', 'games', '--target', 'dev']
From /tmp/tmprt1yp1bs/dbt_project
[2023-10-17T21:37:59.368+0000] {log.py:232} WARNING - [[34m2023-10-17T21:37:59.367+0000[0m] {[34mlocal.py:[0m223} INFO[0m - [35m(astronomer-cosmos)[0m - Using environment variables keys: dict_keys(['AIRFLOW_CTX_DAG_OWNER', 'AIRFLOW_CTX_DAG_ID', 'AIRFLOW_CTX_TASK_ID', 'AIRFLOW_CTX_EXECUTION_DATE', 'AIRFLOW_CTX_TRY_NUMBER', 'AIRFLOW_CTX_DAG_RUN_ID'])[0m
[2023-10-17T21:37:59.367+0000] {local.py:223} INFO - Using environment variables keys: dict_keys(['AIRFLOW_CTX_DAG_OWNER', 'AIRFLOW_CTX_DAG_ID', 'AIRFLOW_CTX_TASK_ID', 'AIRFLOW_CTX_EXECUTION_DATE', 'AIRFLOW_CTX_TRY_NUMBER', 'AIRFLOW_CTX_DAG_RUN_ID'])
[2023-10-17T21:37:59.369+0000] {log.py:232} WARNING - [[34m2023-10-17T21:37:59.369+0000[0m] {[34msubprocess.py:[0m60} INFO[0m - [35m(astronomer-cosmos)[0m - Tmp dir root location: 
 /tmp[0m
[2023-10-17T21:37:59.369+0000] {subprocess.py:60} INFO - Tmp dir root location: 
 /tmp
[2023-10-17T21:37:59.370+0000] {log.py:232} WARNING - [[34m2023-10-17T21:37:59.370+0000[0m] {[34msubprocess.py:[0m73} INFO[0m - [35m(astronomer-cosmos)[0m - Running command: ['/home/***/.local/bin/dbt', 'run', '--models', 'dim_price_overview', '--profiles-dir', '/opt/***/includes/dbt', '--profile', 'games', '--target', 'dev'][0m
[2023-10-17T21:37:59.370+0000] {subprocess.py:73} INFO - Running command: ['/home/***/.local/bin/dbt', 'run', '--models', 'dim_price_overview', '--profiles-dir', '/opt/***/includes/dbt', '--profile', 'games', '--target', 'dev']
[2023-10-17T21:37:59.421+0000] {log.py:232} WARNING - [[34m2023-10-17T21:37:59.420+0000[0m] {[34msubprocess.py:[0m84} INFO[0m - [35m(astronomer-cosmos)[0m - Command output:[0m
[2023-10-17T21:37:59.420+0000] {subprocess.py:84} INFO - Command output:
[2023-10-17T21:38:01.988+0000] {log.py:232} WARNING - [[34m2023-10-17T21:38:01.988+0000[0m] {[34msubprocess.py:[0m94} INFO[0m - [35m(astronomer-cosmos)[0m - [0m21:38:01  Running with dbt=1.6.6[0m
[2023-10-17T21:38:01.988+0000] {subprocess.py:94} INFO - [0m21:38:01  Running with dbt=1.6.6
[2023-10-17T21:38:02.717+0000] {log.py:232} WARNING - [[34m2023-10-17T21:38:02.717+0000[0m] {[34msubprocess.py:[0m94} INFO[0m - [35m(astronomer-cosmos)[0m - [0m21:38:02  Registered adapter: bigquery=1.6.7[0m
[2023-10-17T21:38:02.717+0000] {subprocess.py:94} INFO - [0m21:38:02  Registered adapter: bigquery=1.6.7
[2023-10-17T21:38:02.746+0000] {log.py:232} WARNING - [[34m2023-10-17T21:38:02.746+0000[0m] {[34msubprocess.py:[0m94} INFO[0m - [35m(astronomer-cosmos)[0m - [0m21:38:02  Unable to do partial parsing because of a version mismatch[0m
[2023-10-17T21:38:02.746+0000] {subprocess.py:94} INFO - [0m21:38:02  Unable to do partial parsing because of a version mismatch
[2023-10-17T21:38:04.052+0000] {log.py:232} WARNING - [[34m2023-10-17T21:38:04.052+0000[0m] {[34msubprocess.py:[0m94} INFO[0m - [35m(astronomer-cosmos)[0m - [0m21:38:04  Found 12 models, 1 source, 0 exposures, 0 metrics, 508 macros, 0 groups, 0 semantic models[0m
[2023-10-17T21:38:04.052+0000] {subprocess.py:94} INFO - [0m21:38:04  Found 12 models, 1 source, 0 exposures, 0 metrics, 508 macros, 0 groups, 0 semantic models
[2023-10-17T21:38:04.057+0000] {log.py:232} WARNING - [[34m2023-10-17T21:38:04.057+0000[0m] {[34msubprocess.py:[0m94} INFO[0m - [35m(astronomer-cosmos)[0m - [0m21:38:04[0m
[2023-10-17T21:38:04.057+0000] {subprocess.py:94} INFO - [0m21:38:04
[2023-10-17T21:38:05.362+0000] {log.py:232} WARNING - [[34m2023-10-17T21:38:05.361+0000[0m] {[34msubprocess.py:[0m94} INFO[0m - [35m(astronomer-cosmos)[0m - [0m21:38:05  Concurrency: 4 threads (target='dev')[0m
[2023-10-17T21:38:05.361+0000] {subprocess.py:94} INFO - [0m21:38:05  Concurrency: 4 threads (target='dev')
[2023-10-17T21:38:05.363+0000] {log.py:232} WARNING - [[34m2023-10-17T21:38:05.363+0000[0m] {[34msubprocess.py:[0m94} INFO[0m - [35m(astronomer-cosmos)[0m - [0m21:38:05[0m
[2023-10-17T21:38:05.363+0000] {subprocess.py:94} INFO - [0m21:38:05
[2023-10-17T21:38:05.393+0000] {log.py:232} WARNING - [[34m2023-10-17T21:38:05.393+0000[0m] {[34msubprocess.py:[0m94} INFO[0m - [35m(astronomer-cosmos)[0m - [0m21:38:05  1 of 1 START sql table model games.dim_price_overview .......................... [RUN][0m
[2023-10-17T21:38:05.393+0000] {subprocess.py:94} INFO - [0m21:38:05  1 of 1 START sql table model games.dim_price_overview .......................... [RUN]
[2023-10-17T21:38:06.641+0000] {log.py:232} WARNING - [[34m2023-10-17T21:38:06.641+0000[0m] {[34msubprocess.py:[0m94} INFO[0m - [35m(astronomer-cosmos)[0m - [0m21:38:06  BigQuery adapter: https://console.cloud.google.com/bigquery?project=pristine-flames-400818&j=bq:US:1f9b9277-4f45-4ce4-9928-9d8475a0d9f5&page=queryresults[0m
[2023-10-17T21:38:06.641+0000] {subprocess.py:94} INFO - [0m21:38:06  BigQuery adapter: https://console.cloud.google.com/bigquery?project=pristine-flames-400818&j=bq:US:1f9b9277-4f45-4ce4-9928-9d8475a0d9f5&page=queryresults
[2023-10-17T21:38:06.668+0000] {log.py:232} WARNING - [[34m2023-10-17T21:38:06.667+0000[0m] {[34msubprocess.py:[0m94} INFO[0m - [35m(astronomer-cosmos)[0m - [0m21:38:06  1 of 1 ERROR creating sql table model games.dim_price_overview ................. [[31mERROR[0m in 1.27s][0m
[2023-10-17T21:38:06.667+0000] {subprocess.py:94} INFO - [0m21:38:06  1 of 1 ERROR creating sql table model games.dim_price_overview ................. [[31mERROR[0m in 1.27s]
[2023-10-17T21:38:06.676+0000] {log.py:232} WARNING - [[34m2023-10-17T21:38:06.675+0000[0m] {[34msubprocess.py:[0m94} INFO[0m - [35m(astronomer-cosmos)[0m - [0m21:38:06[0m
[2023-10-17T21:38:06.675+0000] {subprocess.py:94} INFO - [0m21:38:06
[2023-10-17T21:38:06.677+0000] {log.py:232} WARNING - [[34m2023-10-17T21:38:06.676+0000[0m] {[34msubprocess.py:[0m94} INFO[0m - [35m(astronomer-cosmos)[0m - [0m21:38:06  Finished running 1 table model in 0 hours 0 minutes and 2.62 seconds (2.62s).[0m
[2023-10-17T21:38:06.676+0000] {subprocess.py:94} INFO - [0m21:38:06  Finished running 1 table model in 0 hours 0 minutes and 2.62 seconds (2.62s).
[2023-10-17T21:38:06.713+0000] {log.py:232} WARNING - [[34m2023-10-17T21:38:06.713+0000[0m] {[34msubprocess.py:[0m94} INFO[0m - [35m(astronomer-cosmos)[0m - [0m21:38:06[0m
[2023-10-17T21:38:06.713+0000] {subprocess.py:94} INFO - [0m21:38:06
[2023-10-17T21:38:06.714+0000] {log.py:232} WARNING - [[34m2023-10-17T21:38:06.714+0000[0m] {[34msubprocess.py:[0m94} INFO[0m - [35m(astronomer-cosmos)[0m - [0m21:38:06  [31mCompleted with 1 error and 0 warnings:[0m[0m
[2023-10-17T21:38:06.714+0000] {subprocess.py:94} INFO - [0m21:38:06  [31mCompleted with 1 error and 0 warnings:[0m
[2023-10-17T21:38:06.714+0000] {log.py:232} WARNING - [[34m2023-10-17T21:38:06.714+0000[0m] {[34msubprocess.py:[0m94} INFO[0m - [35m(astronomer-cosmos)[0m - [0m21:38:06[0m
[2023-10-17T21:38:06.714+0000] {subprocess.py:94} INFO - [0m21:38:06
[2023-10-17T21:38:06.715+0000] {log.py:232} WARNING - [[34m2023-10-17T21:38:06.714+0000[0m] {[34msubprocess.py:[0m94} INFO[0m - [35m(astronomer-cosmos)[0m - [0m21:38:06    Database Error in model dim_price_overview (models/transform/dim_price_overview.sql)[0m
[2023-10-17T21:38:06.714+0000] {subprocess.py:94} INFO - [0m21:38:06    Database Error in model dim_price_overview (models/transform/dim_price_overview.sql)
[2023-10-17T21:38:06.715+0000] {log.py:232} WARNING - [[34m2023-10-17T21:38:06.715+0000[0m] {[34msubprocess.py:[0m94} INFO[0m - [35m(astronomer-cosmos)[0m -   Syntax error: Expected ")" but got identifier `pristine-flames-400818` at [39:5][0m
[2023-10-17T21:38:06.715+0000] {subprocess.py:94} INFO -   Syntax error: Expected ")" but got identifier `pristine-flames-400818` at [39:5]
[2023-10-17T21:38:06.715+0000] {log.py:232} WARNING - [[34m2023-10-17T21:38:06.715+0000[0m] {[34msubprocess.py:[0m94} INFO[0m - [35m(astronomer-cosmos)[0m -   compiled Code at target/run/games/models/transform/dim_price_overview.sql[0m
[2023-10-17T21:38:06.715+0000] {subprocess.py:94} INFO -   compiled Code at target/run/games/models/transform/dim_price_overview.sql
[2023-10-17T21:38:06.716+0000] {log.py:232} WARNING - [[34m2023-10-17T21:38:06.716+0000[0m] {[34msubprocess.py:[0m94} INFO[0m - [35m(astronomer-cosmos)[0m - [0m21:38:06[0m
[2023-10-17T21:38:06.716+0000] {subprocess.py:94} INFO - [0m21:38:06
[2023-10-17T21:38:06.716+0000] {log.py:232} WARNING - [[34m2023-10-17T21:38:06.716+0000[0m] {[34msubprocess.py:[0m94} INFO[0m - [35m(astronomer-cosmos)[0m - [0m21:38:06  Done. PASS=0 WARN=0 ERROR=1 SKIP=0 TOTAL=1[0m
[2023-10-17T21:38:06.716+0000] {subprocess.py:94} INFO - [0m21:38:06  Done. PASS=0 WARN=0 ERROR=1 SKIP=0 TOTAL=1
[2023-10-17T21:38:07.670+0000] {log.py:232} WARNING - [[34m2023-10-17T21:38:07.670+0000[0m] {[34msubprocess.py:[0m98} INFO[0m - [35m(astronomer-cosmos)[0m - Command exited with return code 1[0m
[2023-10-17T21:38:07.670+0000] {subprocess.py:98} INFO - Command exited with return code 1
[2023-10-17T21:38:07.678+0000] {local.py:86} WARNING - Artifact schema version: https://schemas.getdbt.com/dbt/manifest/v10.json is above dbt-ol supported version 7. This might cause errors.
[2023-10-17T21:38:07.683+0000] {log.py:232} WARNING - [[34m2023-10-17T21:38:07.682+0000[0m] {[34mlocal.py:[0m239} INFO[0m - [35m(astronomer-cosmos)[0m - Inlets: [][0m
[2023-10-17T21:38:07.682+0000] {local.py:239} INFO - Inlets: []
[2023-10-17T21:38:07.683+0000] {log.py:232} WARNING - [[34m2023-10-17T21:38:07.683+0000[0m] {[34mlocal.py:[0m240} INFO[0m - [35m(astronomer-cosmos)[0m - Outlets: [][0m
[2023-10-17T21:38:07.683+0000] {local.py:240} INFO - Outlets: []
[2023-10-17T21:38:07.683+0000] {dag.py:2915} INFO - Sync 1 DAGs
[2023-10-17T21:38:07.704+0000] {dag.py:3696} INFO - Setting next_dagrun for games_details to 2023-10-17T00:00:00+00:00, run_after=2023-10-18T00:00:00+00:00
[2023-10-17T21:38:07.724+0000] {taskinstance.py:1935} ERROR - Task failed with exception
Traceback (most recent call last):
  File "/home/airflow/.local/lib/python3.8/site-packages/cosmos/operators/local.py", line 445, in execute
    self.build_and_run_cmd(context=context, cmd_flags=cmd_flags)
  File "/home/airflow/.local/lib/python3.8/site-packages/cosmos/operators/local.py", line 357, in build_and_run_cmd
    result = self.run_command(cmd=dbt_cmd, env=env, context=context)
  File "/home/airflow/.local/lib/python3.8/site-packages/cosmos/operators/local.py", line 243, in run_command
    self.exception_handling(result)
  File "/home/airflow/.local/lib/python3.8/site-packages/cosmos/operators/local.py", line 124, in exception_handling
    raise AirflowException(
airflow.exceptions.AirflowException: ('dbt command failed. The command returned a non-zero exit code 1. Details: ', '\x1b[0m21:38:01  Running with dbt=1.6.6', '\x1b[0m21:38:02  Registered adapter: bigquery=1.6.7', '\x1b[0m21:38:02  Unable to do partial parsing because of a version mismatch', '\x1b[0m21:38:04  Found 12 models, 1 source, 0 exposures, 0 metrics, 508 macros, 0 groups, 0 semantic models', '\x1b[0m21:38:04', "\x1b[0m21:38:05  Concurrency: 4 threads (target='dev')", '\x1b[0m21:38:05', '\x1b[0m21:38:05  1 of 1 START sql table model games.dim_price_overview .......................... [RUN]', '\x1b[0m21:38:06  BigQuery adapter: https://console.cloud.google.com/bigquery?project=pristine-flames-400818&j=bq:US:1f9b9277-4f45-4ce4-9928-9d8475a0d9f5&page=queryresults', '\x1b[0m21:38:06  1 of 1 ERROR creating sql table model games.dim_price_overview ................. [\x1b[31mERROR\x1b[0m in 1.27s]', '\x1b[0m21:38:06', '\x1b[0m21:38:06  Finished running 1 table model in 0 hours 0 minutes and 2.62 seconds (2.62s).', '\x1b[0m21:38:06', '\x1b[0m21:38:06  \x1b[31mCompleted with 1 error and 0 warnings:\x1b[0m', '\x1b[0m21:38:06', '\x1b[0m21:38:06    Database Error in model dim_price_overview (models/transform/dim_price_overview.sql)', '  Syntax error: Expected ")" but got identifier `pristine-flames-400818` at [39:5]', '  compiled Code at target/run/games/models/transform/dim_price_overview.sql', '\x1b[0m21:38:06', '\x1b[0m21:38:06  Done. PASS=0 WARN=0 ERROR=1 SKIP=0 TOTAL=1')
[2023-10-17T21:38:07.727+0000] {taskinstance.py:1398} INFO - Marking task as FAILED. dag_id=games_details, task_id=transform.dim_price_overview_run, execution_date=20231016T000000, start_date=20231017T213758, end_date=20231017T213807
[2023-10-17T21:38:07.735+0000] {standard_task_runner.py:104} ERROR - Failed to execute job 535 for task transform.dim_price_overview_run (('dbt command failed. The command returned a non-zero exit code 1. Details: ', '\x1b[0m21:38:01  Running with dbt=1.6.6', '\x1b[0m21:38:02  Registered adapter: bigquery=1.6.7', '\x1b[0m21:38:02  Unable to do partial parsing because of a version mismatch', '\x1b[0m21:38:04  Found 12 models, 1 source, 0 exposures, 0 metrics, 508 macros, 0 groups, 0 semantic models', '\x1b[0m21:38:04', "\x1b[0m21:38:05  Concurrency: 4 threads (target='dev')", '\x1b[0m21:38:05', '\x1b[0m21:38:05  1 of 1 START sql table model games.dim_price_overview .......................... [RUN]', '\x1b[0m21:38:06  BigQuery adapter: https://console.cloud.google.com/bigquery?project=pristine-flames-400818&j=bq:US:1f9b9277-4f45-4ce4-9928-9d8475a0d9f5&page=queryresults', '\x1b[0m21:38:06  1 of 1 ERROR creating sql table model games.dim_price_overview ................. [\x1b[31mERROR\x1b[0m in 1.27s]', '\x1b[0m21:38:06', '\x1b[0m21:38:06  Finished running 1 table model in 0 hours 0 minutes and 2.62 seconds (2.62s).', '\x1b[0m21:38:06', '\x1b[0m21:38:06  \x1b[31mCompleted with 1 error and 0 warnings:\x1b[0m', '\x1b[0m21:38:06', '\x1b[0m21:38:06    Database Error in model dim_price_overview (models/transform/dim_price_overview.sql)', '  Syntax error: Expected ")" but got identifier `pristine-flames-400818` at [39:5]', '  compiled Code at target/run/games/models/transform/dim_price_overview.sql', '\x1b[0m21:38:06', '\x1b[0m21:38:06  Done. PASS=0 WARN=0 ERROR=1 SKIP=0 TOTAL=1'); 632)
[2023-10-17T21:38:07.745+0000] {local_task_job_runner.py:228} INFO - Task exited with return code 1
[2023-10-17T21:38:07.760+0000] {taskinstance.py:2776} INFO - 0 downstream tasks scheduled from follow-on schedule check
